
[Fri Sep 12 10:54:06 2025] [INFO] 伪临朝武氏者
[Fri Sep 12 10:54:08 2025] [INFO] 性非和顺
[Fri Sep 12 10:54:11 2025] [INFO] 地实寒微
[Fri Sep 12 10:54:15 2025] [INFO] 昔充太宗下陈
[Fri Sep 12 10:54:21 2025] [INFO] 曾以更衣入室
[Fri Sep 12 10:54:25 2025] [INFO] 洎乎晚节
[Fri Sep 12 10:54:28 2025] [INFO] 秽乱春宫
[Fri Sep 12 10:54:33 2025] [INFO] 潜隐先帝之私
[Fri Sep 12 10:54:37 2025] [INFO] 阴图后庭之嬖
[Fri Sep 12 10:55:30 2025] [INFO] 入门见嫉
[Fri Sep 12 10:55:31 2025] [INFO] 峨眉不肯让人
[Fri Sep 12 10:55:49 2025] [INFO] 掩袖工馋
[Fri Sep 12 10:55:56 2025] [INFO] 狐媚偏能惑主
[Fri Sep 12 20:34:41 2025] [INFO] 践元后于翚翟
[Fri Sep 12 20:34:59 2025] [INFO] 陷吾君于聚麀
[Fri Sep 12 20:35:04 2025] [INFO] 加以虺蜴为心
[Fri Sep 12 20:35:16 2025] [INFO] 豺狼成性
[Fri Sep 12 20:35:19 2025] [INFO] 近狎邪僻
[Fri Sep 12 20:35:24 2025] [INFO] 残害忠良
[Fri Sep 12 20:35:31 2025] [INFO] 杀姊屠兄
[Fri Sep 12 20:35:34 2025] [INFO] 弑君鸩母
[Fri Sep 12 20:35:40 2025] [INFO] 人神之所同嫉
[Fri Sep 12 20:35:46 2025] [INFO] 天地之所不容
[Fri Sep 12 21:21:32 2025] [INFO] 犹复包藏祸心
[Fri Sep 12 21:21:39 2025] [INFO] 窥窃神器
[Fri Sep 12 21:21:43 2025] [INFO] 君之爱子
[Fri Sep 12 21:21:47 2025] [INFO] 幽之于别宫
[Sat Sep 13 09:33:35 2025] [INFO] 贼之宗盟
[Sat Sep 13 09:33:41 2025] [INFO] 委之以重任
[Sat Sep 13 09:33:44 2025] [INFO] 惜乎
[Sat Sep 13 09:33:48 2025] [INFO] 霍子孟之不作
[Sat Sep 13 09:33:53 2025] [INFO] 朱虚侯之已亡
[Sat Sep 13 09:33:57 2025] [INFO] 燕啄皇孙
[Sat Sep 13 09:34:03 2025] [INFO] 知汉祚之将尽
[Sat Sep 13 09:34:05 2025] [INFO] 龙漦帝后
[Sat Sep 13 09:34:15 2025] [INFO] 识夏庭之遽衰
[Sat Sep 13 09:46:24 2025] [INFO] 敬业皇唐旧臣
[Sat Sep 13 09:46:30 2025] [INFO] 公侯冢子
[Sat Sep 13 09:46:44 2025] [INFO] 奉先君之成业
[Sat Sep 13 09:46:53 2025] [INFO] 荷本朝之厚恩
[Sat Sep 13 09:46:59 2025] [INFO] 宋微子之兴悲
[Sat Sep 13 09:52:21 2025] [INFO] 良有以也
[Sat Sep 13 10:01:36 2025] [INFO] 袁君山之流涕
[Sat Sep 13 10:01:40 2025] [INFO] 岂徒然哉
[Sat Sep 13 10:01:45 2025] [INFO] 是用气愤风云
[Sat Sep 13 11:10:59 2025] [INFO] 志安社稷
[Sat Sep 13 13:12:29 2025] [INFO] 因天下之失望
[Sat Sep 13 13:12:35 2025] [INFO] 顺宇内之推心
[Sat Sep 13 13:29:37 2025] [INFO] 爰举义旗
[Sat Sep 13 14:30:13 2025] [INFO] 誓清妖孽
