[Tue Sep 16 21:57:03 2025] [INFO] 寐而惊悸，遂患阴肿
[Tue Sep 16 21:57:05 2025] [INFO] 医刺之，出血如梦
[Tue Sep 16 22:00:58 2025] [INFO] 苌俱，走入宫
[Tue Sep 16 22:02:07 2025] [INFO] 苌俱，走入宫
[Tue Sep 16 22:06:51 2025] [INFO] 苌俱，走入宫
[Wed Sep 17 09:27:03 2025] [INFO] 苌俱，走入宫
[Wed Sep 17 09:42:16 2025] [INFO] 苌俱，走入宫
[Wed Sep 17 09:43:40 2025] [INFO] 苌俱，走入宫
[Wed Sep 17 09:44:41 2025] [INFO] 苌俱，走入宫
[Wed Sep 17 09:46:05 2025] [INFO] 苌俱，走入宫
[Wed Sep 17 10:00:12 2025] [INFO] 宫人迎苌刺鬼，误中苌阴
[Wed Sep 17 10:01:14 2025] [INFO] 梦苻坚将天官使者，鬼兵数百突入营中
[Wed Sep 17 10:01:52 2025] [INFO] 梦苻坚将天官使者，鬼兵数百突入营中
[Wed Sep 17 11:23:21 2025] [INFO] 拔矛，出血石余
[Wed Sep 17 11:27:33 2025] [INFO] 梦苻坚将天官使者，鬼兵数百突入营中
[Wed Sep 17 12:28:54 2025] [INFO] 苌俱，走入宫
[Wed Sep 17 12:30:09 2025] [INFO] 梦苻坚将天官使者，鬼兵数百突入营中
[Wed Sep 17 12:31:37 2025] [INFO] 梦苻坚将天官使者，鬼兵数百突入营中
[Wed Sep 17 12:34:24 2025] [INFO] 梦苻坚将天官使者，鬼兵数百突入营中
[Wed Sep 17 12:36:19 2025] [INFO] 梦苻坚将天官使者，鬼兵数百突入营中
[Wed Sep 17 12:37:07 2025] [INFO] 梦苻坚将天官使者，鬼兵数百突入营中
[Wed Sep 17 12:39:22 2025] [INFO] 苌俱，走入宫
[Wed Sep 17 12:40:28 2025] [INFO] 梦苻坚将天官使者，鬼兵数百突入营中
[Wed Sep 17 12:40:58 2025] [INFO] 苌俱，走入宫
[Wed Sep 17 12:42:02 2025] [INFO] 梦苻坚将天官使者，鬼兵数百突入营中
[Wed Sep 17 12:43:35 2025] [INFO] 梦苻坚将天官使者，鬼兵数百突入营中
[Wed Sep 17 12:44:06 2025] [INFO] 梦苻坚将天官使者，鬼兵数百突入营中
[Wed Sep 17 12:47:44 2025] [INFO] 苌俱，走入宫
[Wed Sep 17 12:48:58 2025] [INFO] 苌俱，走入宫
[Wed Sep 17 12:49:54 2025] [INFO] 梦苻坚将天官使者，鬼兵数百突入营中
[Wed Sep 17 12:51:09 2025] [INFO] 梦苻坚将天官使者，鬼兵数百突入营中
[Wed Sep 17 12:51:57 2025] [INFO] 梦苻坚将天官使者，鬼兵数百突入营中
[Wed Sep 17 13:02:39 2025] [INFO] 梦苻坚将天官使者，鬼兵数百突入营中
[Wed Sep 17 13:07:26 2025] [INFO] 梦苻坚将天官使者，鬼兵数百突入营中
[Wed Sep 17 13:08:33 2025] [INFO] 梦苻坚将天官使者，鬼兵数百突入营中
[Wed Sep 17 13:16:42 2025] [INFO] 梦苻坚将天官使者，鬼兵数百突入营中
[Wed Sep 17 13:18:30 2025] [INFO] 梦苻坚将天官使者，鬼兵数百突入营中
[Wed Sep 17 13:19:49 2025] [INFO] 梦苻坚将天官使者，鬼兵数百突入营中
[Wed Sep 17 13:20:27 2025] [INFO] 梦苻坚将天官使者，鬼兵数百突入营中
[Wed Sep 17 13:23:12 2025] [INFO] 梦苻坚将天官使者，鬼兵数百突入营中
[Wed Sep 17 13:24:32 2025] [DEBUG] 梦苻坚将天官使者，鬼兵数百突入营中
[Wed Sep 17 13:51:38 2025] [DEBUG] 梦苻坚将天官使者，鬼兵数百突入营中
[Wed Sep 17 13:52:07 2025] [DEBUG] 梦苻坚将天官使者，鬼兵数百突入营中
[Wed Sep 17 13:59:03 2025] [INFO] 梦苻坚将天官使者，鬼兵数百突入营中
[Wed Sep 17 13:59:54 2025] [INFO] 梦苻坚将天官使者，鬼兵数百突入营中
[Wed Sep 17 14:03:12 2025] [INFO] 梦苻坚将天官使者，鬼兵数百突入营中
