[Tue Sep 16 22:01:00 2025] [INFO] 宫人迎苌刺鬼，误中苌阴
[Tue Sep 16 22:01:02 2025] [INFO] 鬼相谓曰：正中死处
[Tue Sep 16 22:01:04 2025] [INFO] 拔矛，出血石余
[Tue Sep 16 22:02:09 2025] [INFO] 宫人迎苌刺鬼，误中苌阴
[Tue Sep 16 22:06:53 2025] [INFO] 宫人迎苌刺鬼，误中苌阴
[Wed Sep 17 09:27:08 2025] [INFO] 鬼相谓曰：正中死处
[Wed Sep 17 09:42:18 2025] [INFO] 宫人迎苌刺鬼，误中苌阴
[Wed Sep 17 09:43:46 2025] [INFO] 鬼相谓曰：正中死处
[Wed Sep 17 09:44:43 2025] [INFO] 宫人迎苌刺鬼，误中苌阴
[Wed Sep 17 09:46:07 2025] [INFO] 宫人迎苌刺鬼，误中苌阴
[Wed Sep 17 10:00:12 2025] [INFO] 鬼相谓曰：正中死处
[Wed Sep 17 10:01:14 2025] [INFO] 苌俱，走入宫
[Wed Sep 17 10:01:52 2025] [INFO] 苌俱，走入宫
[Wed Sep 17 11:23:21 2025] [INFO] 医刺之，出血如梦
[Wed Sep 17 11:27:33 2025] [INFO] 苌俱，走入宫
[Wed Sep 17 12:28:54 2025] [INFO] 鬼相谓曰：正中死处
[Wed Sep 17 12:30:09 2025] [INFO] 鬼相谓曰：正中死处
[Wed Sep 17 12:31:37 2025] [INFO] 苌俱，走入宫
[Wed Sep 17 12:34:24 2025] [INFO] 苌俱，走入宫
[Wed Sep 17 12:36:19 2025] [INFO] 宫人迎苌刺鬼，误中苌阴
[Wed Sep 17 12:37:07 2025] [INFO] 苌俱，走入宫
[Wed Sep 17 12:39:22 2025] [INFO] 宫人迎苌刺鬼，误中苌阴
[Wed Sep 17 12:40:28 2025] [INFO] 苌俱，走入宫
[Wed Sep 17 12:40:58 2025] [INFO] 梦苻坚将天官使者，鬼兵数百突入营中
[Wed Sep 17 12:42:02 2025] [INFO] 鬼相谓曰：正中死处
[Wed Sep 17 12:43:35 2025] [INFO] 宫人迎苌刺鬼，误中苌阴
[Wed Sep 17 12:44:06 2025] [INFO] 苌俱，走入宫
[Wed Sep 17 12:47:44 2025] [INFO] 梦苻坚将天官使者，鬼兵数百突入营中
[Wed Sep 17 12:48:58 2025] [INFO] 拔矛，出血石余
[Wed Sep 17 12:49:54 2025] [INFO] 宫人迎苌刺鬼，误中苌阴
[Wed Sep 17 12:51:09 2025] [INFO] 拔矛，出血石余
[Wed Sep 17 12:51:57 2025] [INFO] 苌俱，走入宫
[Wed Sep 17 13:02:39 2025] [INFO] 苌俱，走入宫
[Wed Sep 17 13:07:26 2025] [INFO] 宫人迎苌刺鬼，误中苌阴
[Wed Sep 17 13:08:33 2025] [INFO] 苌俱，走入宫
[Wed Sep 17 13:16:42 2025] [INFO] 苌俱，走入宫
[Wed Sep 17 13:59:03 2025] [INFO] 苌俱，走入宫
[Wed Sep 17 13:59:54 2025] [INFO] 苌俱，走入宫
[Wed Sep 17 14:03:12 2025] [INFO] 苌俱，走入宫
