
[Fri Sep 19 15:08:03 2025] [INFO] 梦苻坚将天官使者，鬼兵数百突入营中
[Fri Sep 19 15:08:03 2025] [INFO] 医刺之，出血如梦
[Fri Sep 19 15:08:03 2025] [INFO] 鬼相谓曰：正中死处
[Fri Sep 19 15:08:03 2025] [INFO] 寐而惊悸，遂患阴肿
[Fri Sep 19 15:08:03 2025] [INFO] 苌俱，走入宫
[Fri Sep 19 15:08:03 2025] [INFO] 宫人迎苌刺鬼，误中苌阴
[Fri Sep 19 15:08:03 2025] [INFO] 拔矛，出血石余
[Fri Sep 19 15:08:26 2025] [INFO] 拔矛，出血石余
[Fri Sep 19 15:08:26 2025] [INFO] 梦苻坚将天官使者，鬼兵数百突入营中
[Fri Sep 19 15:08:26 2025] [INFO] 寐而惊悸，遂患阴肿
[Fri Sep 19 15:08:26 2025] [INFO] 宫人迎苌刺鬼，误中苌阴
[Fri Sep 19 15:08:26 2025] [INFO] 鬼相谓曰：正中死处
[Fri Sep 19 15:08:26 2025] [INFO] 医刺之，出血如梦
[Fri Sep 19 15:08:26 2025] [INFO] 苌俱，走入宫
[Fri Sep 19 21:21:21 2025] [INFO] 梦苻坚将天官使者，鬼兵数百突入营中
[Fri Sep 19 21:21:21 2025] [INFO] 拔矛，出血石余
[Fri Sep 19 21:21:21 2025] [INFO] 苌俱，走入宫
[Fri Sep 19 21:21:21 2025] [INFO] 鬼相谓曰：正中死处
[Fri Sep 19 21:21:21 2025] [INFO] 医刺之，出血如梦
[Fri Sep 19 21:21:21 2025] [INFO] 寐而惊悸，遂患阴肿
[Fri Sep 19 21:21:21 2025] [INFO] 宫人迎苌刺鬼，误中苌阴
[Fri Sep 19 21:24:01 2025] [FATAL] 宫人迎苌刺鬼，误中苌阴
[Fri Sep 19 21:24:01 2025] [INFO] 苌俱，走入宫
[Fri Sep 19 21:24:01 2025] [ERROR] 拔矛，出血石余
[Fri Sep 19 21:24:01 2025] [DEBUG] 梦苻坚将天官使者，鬼兵数百突入营中
[Fri Sep 19 21:24:01 2025] [WARN] 寐而惊悸，遂患阴肿
[Fri Sep 19 21:24:01 2025] [INFO] 鬼相谓曰：正中死处
[Fri Sep 19 21:24:01 2025] [ERROR] 医刺之，出血如梦
[Fri Sep 19 21:26:19 2025] [INFO] 鬼相谓曰：正中死处
[Fri Sep 19 21:26:19 2025] [ERROR] 拔矛，出血石余
[Fri Sep 19 21:26:19 2025] [WARN] 寐而惊悸，遂患阴肿
[Fri Sep 19 21:26:19 2025] [FATAL] 宫人迎苌刺鬼，误中苌阴
[Fri Sep 19 21:26:19 2025] [DEBUG] 梦苻坚将天官使者，鬼兵数百突入营中
[Fri Sep 19 21:26:19 2025] [INFO] 苌俱，走入宫
[Fri Sep 19 21:26:19 2025] [ERROR] 医刺之，出血如梦
[Fri Sep 19 21:27:48 2025] [ERROR] 拔矛，出血石余
[Fri Sep 19 21:27:48 2025] [DEBUG] 梦苻坚将天官使者，鬼兵数百突入营中
[Fri Sep 19 21:27:48 2025] [ERROR] 医刺之，出血如梦
[Fri Sep 19 21:27:48 2025] [INFO] 苌俱，走入宫
[Fri Sep 19 21:27:48 2025] [INFO] 鬼相谓曰：正中死处
[Fri Sep 19 21:27:48 2025] [WARN] 寐而惊悸，遂患阴肿
[Fri Sep 19 21:27:48 2025] [FATAL] 宫人迎苌刺鬼，误中苌阴
[Fri Sep 19 21:28:53 2025] [INFO] 鬼相谓曰：正中死处
[Fri Sep 19 21:28:53 2025] [INFO] 苌俱，走入宫
[Fri Sep 19 21:28:53 2025] [DEBUG] 梦苻坚将天官使者，鬼兵数百突入营中
[Fri Sep 19 21:28:53 2025] [WARN] 寐而惊悸，遂患阴肿
[Fri Sep 19 21:28:53 2025] [ERROR] 拔矛，出血石余
[Fri Sep 19 21:28:53 2025] [ERROR] 医刺之，出血如梦
[Fri Sep 19 21:28:53 2025] [FATAL] 宫人迎苌刺鬼，误中苌阴
[Fri Sep 19 21:39:18 2025] [DEBUG] 梦苻坚将天官使者，鬼兵数百突入营中
[Fri Sep 19 21:39:18 2025] [WARN] 寐而惊悸，遂患阴肿
[Fri Sep 19 21:39:18 2025] [INFO] 苌俱，走入宫
[Fri Sep 19 21:39:18 2025] [ERROR] 医刺之，出血如梦
[Fri Sep 19 21:39:18 2025] [ERROR] 拔矛，出血石余
[Fri Sep 19 21:39:18 2025] [INFO] 鬼相谓曰：正中死处
[Fri Sep 19 21:39:18 2025] [FATAL] 宫人迎苌刺鬼，误中苌阴
[Fri Sep 19 21:48:48 2025] [ERROR] 拔矛，出血石余
[Fri Sep 19 21:48:48 2025] [WARN] 寐而惊悸，遂患阴肿
[Fri Sep 19 21:48:48 2025] [FATAL] 宫人迎苌刺鬼，误中苌阴
[Fri Sep 19 21:48:48 2025] [INFO] 苌俱，走入宫
[Fri Sep 19 21:48:48 2025] [DEBUG] 梦苻坚将天官使者，鬼兵数百突入营中
[Fri Sep 19 21:48:48 2025] [ERROR] 医刺之，出血如梦
[Fri Sep 19 21:48:48 2025] [INFO] 鬼相谓曰：正中死处
[Fri Sep 19 21:49:38 2025] [ERROR] 拔矛，出血石余
[Fri Sep 19 21:49:38 2025] [FATAL] 宫人迎苌刺鬼，误中苌阴
[Fri Sep 19 21:49:38 2025] [WARN] 寐而惊悸，遂患阴肿
[Fri Sep 19 21:49:38 2025] [DEBUG] 梦苻坚将天官使者，鬼兵数百突入营中
[Fri Sep 19 21:49:38 2025] [INFO] 苌俱，走入宫
[Fri Sep 19 21:49:38 2025] [INFO] 鬼相谓曰：正中死处
[Fri Sep 19 21:49:38 2025] [ERROR] 医刺之，出血如梦
[Fri Sep 19 21:51:08 2025] [DEBUG] 梦苻坚将天官使者，鬼兵数百突入营中
[Fri Sep 19 21:51:08 2025] [INFO] 苌俱，走入宫
[Fri Sep 19 21:51:08 2025] [FATAL] 宫人迎苌刺鬼，误中苌阴
[Fri Sep 19 21:51:08 2025] [WARN] 寐而惊悸，遂患阴肿
[Fri Sep 19 21:51:08 2025] [ERROR] 拔矛，出血石余
[Fri Sep 19 21:51:08 2025] [INFO] 鬼相谓曰：正中死处
[Fri Sep 19 21:51:08 2025] [ERROR] 医刺之，出血如梦
[Sat Sep 20 15:14:02 2025] [DEBUG] 梦苻坚将天官使者，鬼兵数百突入营中
[Sat Sep 20 15:14:02 2025] [ERROR] 拔矛，出血石余
[Sat Sep 20 15:14:02 2025] [WARN] 寐而惊悸，遂患阴肿
[Sat Sep 20 15:14:02 2025] [FATAL] 宫人迎苌刺鬼，误中苌阴
[Sat Sep 20 15:14:02 2025] [INFO] 苌俱，走入宫
[Sat Sep 20 15:14:02 2025] [INFO] 鬼相谓曰：正中死处
[Sat Sep 20 15:14:02 2025] [ERROR] 医刺之，出血如梦
[Sat Sep 20 15:27:32 2025] [DEBUG] 梦苻坚将天官使者，鬼兵数百突入营中
[Sat Sep 20 15:27:32 2025] [INFO] 苌俱，走入宫
[Sat Sep 20 15:27:32 2025] [FATAL] 宫人迎苌刺鬼，误中苌阴
[Sat Sep 20 15:27:32 2025] [INFO] 鬼相谓曰：正中死处
[Sat Sep 20 15:27:32 2025] [WARN] 寐而惊悸，遂患阴肿
[Sat Sep 20 15:27:32 2025] [ERROR] 医刺之，出血如梦
[Sat Sep 20 15:27:32 2025] [ERROR] 拔矛，出血石余
[Sat Sep 20 16:01:29 2025] [DEBUG] 梦苻坚将天官使者，鬼兵数百突入营中
[Sat Sep 20 16:01:29 2025] [INFO] 苌俱，走入宫
[Sat Sep 20 16:01:29 2025] [INFO] 鬼相谓曰：正中死处
[Sat Sep 20 16:01:29 2025] [FATAL] 宫人迎苌刺鬼，误中苌阴
[Sat Sep 20 16:01:29 2025] [ERROR] 医刺之，出血如梦
[Sat Sep 20 16:01:29 2025] [ERROR] 拔矛，出血石余
[Sat Sep 20 16:01:29 2025] [WARN] 寐而惊悸，遂患阴肿
[Sat Sep 20 16:03:42 2025] [DEBUG] 梦苻坚将天官使者，鬼兵数百突入营中
[Sat Sep 20 16:03:42 2025] [INFO] 苌俱，走入宫
[Sat Sep 20 16:03:42 2025] [FATAL] 宫人迎苌刺鬼，误中苌阴
[Sat Sep 20 16:03:42 2025] [INFO] 鬼相谓曰：正中死处
[Sat Sep 20 16:03:42 2025] [ERROR] 拔矛，出血石余
[Sat Sep 20 16:03:42 2025] [WARN] 寐而惊悸，遂患阴肿
[Sat Sep 20 16:03:42 2025] [ERROR] 医刺之，出血如梦
[Sat Sep 20 16:06:12 2025] [DEBUG] 梦苻坚将天官使者，鬼兵数百突入营中
[Sat Sep 20 16:09:38 2025] [DEBUG] 梦苻坚将天官使者，鬼兵数百突入营中
[Sat Sep 20 16:09:38 2025] [FATAL] 宫人迎苌刺鬼，误中苌阴
[Sat Sep 20 16:09:38 2025] [INFO] 苌俱，走入宫
[Sat Sep 20 16:09:38 2025] [INFO] 鬼相谓曰：正中死处
[Sat Sep 20 16:09:38 2025] [ERROR] 拔矛，出血石余
[Sat Sep 20 16:09:38 2025] [WARN] 寐而惊悸，遂患阴肿
[Sat Sep 20 16:09:38 2025] [ERROR] 医刺之，出血如梦
[Sat Sep 20 16:13:57 2025] [DEBUG] 梦苻坚将天官使者，鬼兵数百突入营中
[Sat Sep 20 16:13:57 2025] [INFO] 苌俱，走入宫
[Sat Sep 20 16:13:57 2025] [FATAL] 宫人迎苌刺鬼，误中苌阴
[Sat Sep 20 16:13:57 2025] [INFO] 鬼相谓曰：正中死处
[Sat Sep 20 16:13:57 2025] [ERROR] 拔矛，出血石余
[Sat Sep 20 16:13:57 2025] [ERROR] 医刺之，出血如梦
[Sat Sep 20 16:13:57 2025] [WARN] 寐而惊悸，遂患阴肿
[Sat Sep 20 21:58:43 2025] [DEBUG] 梦苻坚将天官使者，鬼兵数百突入营中
[Sat Sep 20 21:58:43 2025] [INFO] 苌俱，走入宫
[Sat Sep 20 21:58:43 2025] [FATAL] 宫人迎苌刺鬼，误中苌阴
[Sat Sep 20 21:58:43 2025] [INFO] 鬼相谓曰：正中死处
[Sat Sep 20 21:58:43 2025] [ERROR] 拔矛，出血石余
[Sat Sep 20 21:58:43 2025] [WARN] 寐而惊悸，遂患阴肿
[Sat Sep 20 21:58:43 2025] [ERROR] 医刺之，出血如梦
[Sat Sep 20 22:06:00 2025] [DEBUG] 梦苻坚将天官使者，鬼兵数百突入营中
[Sat Sep 20 22:06:00 2025] [INFO] 苌俱，走入宫
[Sat Sep 20 22:06:00 2025] [INFO] 鬼相谓曰：正中死处
[Sat Sep 20 22:06:00 2025] [FATAL] 宫人迎苌刺鬼，误中苌阴
[Sat Sep 20 22:06:00 2025] [ERROR] 拔矛，出血石余
[Sat Sep 20 22:06:00 2025] [WARN] 寐而惊悸，遂患阴肿
[Sat Sep 20 22:06:00 2025] [ERROR] 医刺之，出血如梦
[Sat Sep 20 22:08:32 2025] [DEBUG] 梦苻坚将天官使者，鬼兵数百突入营中
[Sat Sep 20 22:08:32 2025] [INFO] 苌俱，走入宫
[Sat Sep 20 22:08:32 2025] [FATAL] 宫人迎苌刺鬼，误中苌阴
[Sat Sep 20 22:08:32 2025] [INFO] 鬼相谓曰：正中死处
[Sat Sep 20 22:08:32 2025] [ERROR] 拔矛，出血石余
[Sat Sep 20 22:08:32 2025] [WARN] 寐而惊悸，遂患阴肿
[Sat Sep 20 22:08:32 2025] [ERROR] 医刺之，出血如梦
[Sat Sep 20 22:10:15 2025] [DEBUG] 梦苻坚将天官使者，鬼兵数百突入营中
[Sat Sep 20 22:10:15 2025] [INFO] 苌俱，走入宫
[Sat Sep 20 22:10:15 2025] [FATAL] 宫人迎苌刺鬼，误中苌阴
[Sat Sep 20 22:10:15 2025] [INFO] 鬼相谓曰：正中死处
[Sat Sep 20 22:10:15 2025] [ERROR] 拔矛，出血石余
[Sat Sep 20 22:10:15 2025] [WARN] 寐而惊悸，遂患阴肿
[Sat Sep 20 22:10:15 2025] [ERROR] 医刺之，出血如梦
[Sun Sep 21 16:18:16 2025] [DEBUG] 梦苻坚将天官使者，鬼兵数百突入营中
[Sun Sep 21 16:18:16 2025] [FATAL] 宫人迎苌刺鬼，误中苌阴
[Sun Sep 21 16:18:16 2025] [INFO] 苌俱，走入宫
[Sun Sep 21 16:18:16 2025] [INFO] 鬼相谓曰：正中死处
[Sun Sep 21 16:18:16 2025] [ERROR] 医刺之，出血如梦
[Sun Sep 21 16:18:16 2025] [ERROR] 拔矛，出血石余
[Sun Sep 21 16:18:16 2025] [WARN] 寐而惊悸，遂患阴肿
[Sun Sep 21 18:30:36 2025] [DEBUG] 梦苻坚将天官使者，鬼兵数百突入营中
[Sun Sep 21 18:30:36 2025] [FATAL] 宫人迎苌刺鬼，误中苌阴
[Sun Sep 21 18:30:36 2025] [INFO] 苌俱，走入宫
[Sun Sep 21 18:30:36 2025] [INFO] 鬼相谓曰：正中死处
[Sun Sep 21 18:30:36 2025] [ERROR] 拔矛，出血石余
[Sun Sep 21 18:30:36 2025] [WARN] 寐而惊悸，遂患阴肿
[Sun Sep 21 18:30:36 2025] [ERROR] 医刺之，出血如梦
[Sun Sep 21 18:33:14 2025] [DEBUG] 梦苻坚将天官使者，鬼兵数百突入营中
[Sun Sep 21 18:33:14 2025] [INFO] 苌俱，走入宫
[Sun Sep 21 18:33:14 2025] [FATAL] 宫人迎苌刺鬼，误中苌阴
[Sun Sep 21 18:33:14 2025] [INFO] 鬼相谓曰：正中死处
[Sun Sep 21 18:33:14 2025] [ERROR] 拔矛，出血石余
[Sun Sep 21 18:33:14 2025] [WARN] 寐而惊悸，遂患阴肿
[Sun Sep 21 18:33:14 2025] [ERROR] 医刺之，出血如梦
[Sun Sep 21 18:35:16 2025] [DEBUG] 梦苻坚将天官使者，鬼兵数百突入营中
[Sun Sep 21 18:35:16 2025] [INFO] 苌俱，走入宫
[Sun Sep 21 18:35:16 2025] [FATAL] 宫人迎苌刺鬼，误中苌阴
[Sun Sep 21 18:35:16 2025] [INFO] 鬼相谓曰：正中死处
[Sun Sep 21 18:35:16 2025] [ERROR] 拔矛，出血石余
[Sun Sep 21 18:35:16 2025] [WARN] 寐而惊悸，遂患阴肿
[Sun Sep 21 18:35:16 2025] [ERROR] 医刺之，出血如梦
[Sun Sep 21 18:38:32 2025] [DEBUG] 梦苻坚将天官使者，鬼兵数百突入营中
[Sun Sep 21 18:38:32 2025] [INFO] 苌俱，走入宫
[Sun Sep 21 18:38:32 2025] [FATAL] 宫人迎苌刺鬼，误中苌阴
[Sun Sep 21 18:38:32 2025] [INFO] 鬼相谓曰：正中死处
[Sun Sep 21 18:38:32 2025] [ERROR] 拔矛，出血石余
[Sun Sep 21 18:38:32 2025] [WARN] 寐而惊悸，遂患阴肿
[Sun Sep 21 18:38:32 2025] [ERROR] 医刺之，出血如梦
[Sun Sep 21 18:39:18 2025] [DEBUG] 梦苻坚将天官使者，鬼兵数百突入营中
[Sun Sep 21 18:39:18 2025] [INFO] 苌俱，走入宫
[Sun Sep 21 18:39:18 2025] [FATAL] 宫人迎苌刺鬼，误中苌阴
[Sun Sep 21 18:39:18 2025] [INFO] 鬼相谓曰：正中死处
[Sun Sep 21 18:39:18 2025] [ERROR] 拔矛，出血石余
[Sun Sep 21 18:39:18 2025] [WARN] 寐而惊悸，遂患阴肿
[Sun Sep 21 18:39:18 2025] [ERROR] 医刺之，出血如梦
[Sun Sep 21 19:00:13 2025] [INFO] 苌俱，走入宫
[Sun Sep 21 19:00:13 2025] [DEBUG] 梦苻坚将天官使者，鬼兵数百突入营中
[Sun Sep 21 19:00:13 2025] [FATAL] 宫人迎苌刺鬼，误中苌阴
[Sun Sep 21 19:00:13 2025] [INFO] 鬼相谓曰：正中死处
[Sun Sep 21 19:00:13 2025] [ERROR] 拔矛，出血石余
[Sun Sep 21 19:00:13 2025] [WARN] 寐而惊悸，遂患阴肿
[Sun Sep 21 19:00:13 2025] [ERROR] 医刺之，出血如梦
[Sun Sep 21 19:00:27 2025] [DEBUG] 梦苻坚将天官使者，鬼兵数百突入营中
[Sun Sep 21 19:00:27 2025] [INFO] 苌俱，走入宫
[Sun Sep 21 19:00:27 2025] [FATAL] 宫人迎苌刺鬼，误中苌阴
[Sun Sep 21 19:00:27 2025] [INFO] 鬼相谓曰：正中死处
[Sun Sep 21 19:00:27 2025] [ERROR] 拔矛，出血石余
[Sun Sep 21 19:00:27 2025] [ERROR] 医刺之，出血如梦
[Sun Sep 21 19:00:27 2025] [WARN] 寐而惊悸，遂患阴肿
[Sun Sep 21 19:01:35 2025] [DEBUG] 梦苻坚将天官使者，鬼兵数百突入营中
[Sun Sep 21 19:01:35 2025] [INFO] 苌俱，走入宫
[Sun Sep 21 19:01:35 2025] [FATAL] 宫人迎苌刺鬼，误中苌阴
[Sun Sep 21 19:01:35 2025] [INFO] 鬼相谓曰：正中死处
[Sun Sep 21 19:01:35 2025] [ERROR] 拔矛，出血石余
[Sun Sep 21 19:01:35 2025] [WARN] 寐而惊悸，遂患阴肿
[Sun Sep 21 19:01:35 2025] [ERROR] 医刺之，出血如梦
[Sun Sep 21 19:07:07 2025] [DEBUG] 梦苻坚将天官使者，鬼兵数百突入营中
[Sun Sep 21 19:07:07 2025] [INFO] 苌俱，走入宫
[Sun Sep 21 19:07:07 2025] [FATAL] 宫人迎苌刺鬼，误中苌阴
[Sun Sep 21 19:07:07 2025] [INFO] 鬼相谓曰：正中死处
[Sun Sep 21 19:07:07 2025] [ERROR] 拔矛，出血石余
[Sun Sep 21 19:07:07 2025] [WARN] 寐而惊悸，遂患阴肿
[Sun Sep 21 19:07:07 2025] [ERROR] 医刺之，出血如梦
[Sun Sep 21 19:08:07 2025] [DEBUG] 梦苻坚将天官使者，鬼兵数百突入营中
[Sun Sep 21 19:08:07 2025] [INFO] 苌俱，走入宫
[Sun Sep 21 19:08:07 2025] [FATAL] 宫人迎苌刺鬼，误中苌阴
[Sun Sep 21 19:08:07 2025] [INFO] 鬼相谓曰：正中死处
[Sun Sep 21 19:08:07 2025] [ERROR] 拔矛，出血石余
[Sun Sep 21 19:08:07 2025] [WARN] 寐而惊悸，遂患阴肿
[Sun Sep 21 19:08:07 2025] [ERROR] 医刺之，出血如梦
[Sun Sep 21 19:09:42 2025] [DEBUG] 梦苻坚将天官使者，鬼兵数百突入营中
[Sun Sep 21 19:09:42 2025] [INFO] 苌俱，走入宫
[Sun Sep 21 19:09:42 2025] [FATAL] 宫人迎苌刺鬼，误中苌阴
[Sun Sep 21 19:09:42 2025] [INFO] 鬼相谓曰：正中死处
[Sun Sep 21 19:09:42 2025] [ERROR] 拔矛，出血石余
[Sun Sep 21 19:09:42 2025] [WARN] 寐而惊悸，遂患阴肿
[Sun Sep 21 19:09:42 2025] [ERROR] 医刺之，出血如梦
[Sun Sep 21 19:10:32 2025] [DEBUG] 梦苻坚将天官使者，鬼兵数百突入营中
[Sun Sep 21 19:10:32 2025] [FATAL] 宫人迎苌刺鬼，误中苌阴
[Sun Sep 21 19:10:32 2025] [INFO] 苌俱，走入宫
[Sun Sep 21 19:10:32 2025] [INFO] 鬼相谓曰：正中死处
[Sun Sep 21 19:10:32 2025] [ERROR] 拔矛，出血石余
[Sun Sep 21 19:10:32 2025] [WARN] 寐而惊悸，遂患阴肿
[Sun Sep 21 19:10:32 2025] [ERROR] 医刺之，出血如梦
[Sun Sep 21 19:10:51 2025] [DEBUG] 梦苻坚将天官使者，鬼兵数百突入营中
[Sun Sep 21 19:10:51 2025] [INFO] 苌俱，走入宫
[Sun Sep 21 19:10:51 2025] [FATAL] 宫人迎苌刺鬼，误中苌阴
[Sun Sep 21 19:10:51 2025] [INFO] 鬼相谓曰：正中死处
[Sun Sep 21 19:10:51 2025] [ERROR] 拔矛，出血石余
[Sun Sep 21 19:10:51 2025] [WARN] 寐而惊悸，遂患阴肿
[Sun Sep 21 19:10:51 2025] [ERROR] 医刺之，出血如梦
[Sun Sep 21 19:11:05 2025] [DEBUG] 梦苻坚将天官使者，鬼兵数百突入营中
[Sun Sep 21 19:11:05 2025] [INFO] 苌俱，走入宫
[Sun Sep 21 19:11:05 2025] [FATAL] 宫人迎苌刺鬼，误中苌阴
[Sun Sep 21 19:11:05 2025] [INFO] 鬼相谓曰：正中死处
[Sun Sep 21 19:11:05 2025] [ERROR] 拔矛，出血石余
[Sun Sep 21 19:11:05 2025] [WARN] 寐而惊悸，遂患阴肿
[Sun Sep 21 19:11:05 2025] [ERROR] 医刺之，出血如梦
[Sun Sep 21 19:11:34 2025] [DEBUG] 梦苻坚将天官使者，鬼兵数百突入营中
[Sun Sep 21 19:11:34 2025] [INFO] 苌俱，走入宫
[Sun Sep 21 19:11:34 2025] [FATAL] 宫人迎苌刺鬼，误中苌阴
[Sun Sep 21 19:11:34 2025] [INFO] 鬼相谓曰：正中死处
[Sun Sep 21 19:11:34 2025] [ERROR] 拔矛，出血石余
[Sun Sep 21 19:11:34 2025] [WARN] 寐而惊悸，遂患阴肿
[Sun Sep 21 19:11:34 2025] [ERROR] 医刺之，出血如梦
[Sun Sep 21 19:16:02 2025] [DEBUG] 梦苻坚将天官使者，鬼兵数百突入营中
[Sun Sep 21 19:16:02 2025] [INFO] 苌俱，走入宫
[Sun Sep 21 19:16:02 2025] [FATAL] 宫人迎苌刺鬼，误中苌阴
[Sun Sep 21 19:16:02 2025] [INFO] 鬼相谓曰：正中死处
[Sun Sep 21 19:16:02 2025] [ERROR] 拔矛，出血石余
[Sun Sep 21 19:16:02 2025] [WARN] 寐而惊悸，遂患阴肿
[Sun Sep 21 19:16:02 2025] [ERROR] 医刺之，出血如梦
[Sun Sep 21 19:22:25 2025] [INFO] 苌俱，走入宫
[Sun Sep 21 19:22:25 2025] [DEBUG] 梦苻坚将天官使者，鬼兵数百突入营中
[Sun Sep 21 19:22:25 2025] [INFO] 鬼相谓曰：正中死处
[Sun Sep 21 19:22:25 2025] [FATAL] 宫人迎苌刺鬼，误中苌阴
[Sun Sep 21 19:22:25 2025] [ERROR] 拔矛，出血石余
[Sun Sep 21 19:22:25 2025] [WARN] 寐而惊悸，遂患阴肿
[Sun Sep 21 19:22:25 2025] [ERROR] 医刺之，出血如梦
[Sun Sep 21 19:46:49 2025] [DEBUG] 梦苻坚将天官使者，鬼兵数百突入营中
[Sun Sep 21 19:46:49 2025] [INFO] 苌俱，走入宫
[Sun Sep 21 19:46:49 2025] [FATAL] 宫人迎苌刺鬼，误中苌阴
[Sun Sep 21 19:46:49 2025] [INFO] 鬼相谓曰：正中死处
[Sun Sep 21 19:46:49 2025] [ERROR] 拔矛，出血石余
[Sun Sep 21 19:46:49 2025] [WARN] 寐而惊悸，遂患阴肿
[Sun Sep 21 19:46:49 2025] [ERROR] 医刺之，出血如梦
[Sun Sep 21 19:47:56 2025] [DEBUG] 梦苻坚将天官使者，鬼兵数百突入营中
[Sun Sep 21 19:47:56 2025] [INFO] 苌俱，走入宫
[Sun Sep 21 19:47:56 2025] [FATAL] 宫人迎苌刺鬼，误中苌阴
[Sun Sep 21 19:47:56 2025] [INFO] 鬼相谓曰：正中死处
[Sun Sep 21 19:47:56 2025] [ERROR] 拔矛，出血石余
[Sun Sep 21 19:47:56 2025] [WARN] 寐而惊悸，遂患阴肿
[Sun Sep 21 19:47:56 2025] [ERROR] 医刺之，出血如梦
[Sun Sep 21 19:48:12 2025] [DEBUG] 梦苻坚将天官使者，鬼兵数百突入营中
[Sun Sep 21 19:48:12 2025] [INFO] 苌俱，走入宫
[Sun Sep 21 19:48:12 2025] [FATAL] 宫人迎苌刺鬼，误中苌阴
[Sun Sep 21 19:48:12 2025] [INFO] 鬼相谓曰：正中死处
[Sun Sep 21 19:48:12 2025] [ERROR] 拔矛，出血石余
[Sun Sep 21 19:48:12 2025] [WARN] 寐而惊悸，遂患阴肿
[Sun Sep 21 19:48:12 2025] [ERROR] 医刺之，出血如梦
[Sun Sep 21 20:42:54 2025] [DEBUG] 梦苻坚将天官使者，鬼兵数百突入营中
[Sun Sep 21 20:42:54 2025] [INFO] 苌俱，走入宫
[Sun Sep 21 20:42:54 2025] [FATAL] 宫人迎苌刺鬼，误中苌阴
[Sun Sep 21 20:42:54 2025] [INFO] 鬼相谓曰：正中死处
[Sun Sep 21 20:42:54 2025] [ERROR] 拔矛，出血石余
[Sun Sep 21 20:42:54 2025] [WARN] 寐而惊悸，遂患阴肿
[Sun Sep 21 20:42:54 2025] [ERROR] 医刺之，出血如梦
[Sun Sep 21 22:05:37 2025] [DEBUG] 梦苻坚将天官使者，鬼兵数百突入营中
[Sun Sep 21 22:05:37 2025] [INFO] 苌俱，走入宫
[Sun Sep 21 22:05:37 2025] [FATAL] 宫人迎苌刺鬼，误中苌阴
[Sun Sep 21 22:05:37 2025] [INFO] 鬼相谓曰：正中死处
[Sun Sep 21 22:05:37 2025] [ERROR] 拔矛，出血石余
[Sun Sep 21 22:05:37 2025] [WARN] 寐而惊悸，遂患阴肿
[Sun Sep 21 22:05:37 2025] [ERROR] 医刺之，出血如梦
[Sun Sep 21 22:07:41 2025] [INFO] 苌俱，走入宫
[Sun Sep 21 22:07:41 2025] [DEBUG] 梦苻坚将天官使者，鬼兵数百突入营中
[Sun Sep 21 22:07:41 2025] [FATAL] 宫人迎苌刺鬼，误中苌阴
[Sun Sep 21 22:07:41 2025] [INFO] 鬼相谓曰：正中死处
[Sun Sep 21 22:07:41 2025] [WARN] 寐而惊悸，遂患阴肿
[Sun Sep 21 22:07:41 2025] [ERROR] 医刺之，出血如梦
[Sun Sep 21 22:07:41 2025] [ERROR] 拔矛，出血石余
[Sun Sep 21 22:09:46 2025] [DEBUG] 梦苻坚将天官使者，鬼兵数百突入营中
[Sun Sep 21 22:09:46 2025] [INFO] 苌俱，走入宫
[Sun Sep 21 22:09:46 2025] [FATAL] 宫人迎苌刺鬼，误中苌阴
[Sun Sep 21 22:09:46 2025] [INFO] 鬼相谓曰：正中死处
[Sun Sep 21 22:09:46 2025] [ERROR] 拔矛，出血石余
[Sun Sep 21 22:09:46 2025] [WARN] 寐而惊悸，遂患阴肿
[Sun Sep 21 22:09:46 2025] [ERROR] 医刺之，出血如梦
[Sun Sep 21 22:10:41 2025] [DEBUG] 梦苻坚将天官使者，鬼兵数百突入营中
[Sun Sep 21 22:10:41 2025] [INFO] 苌俱，走入宫
[Sun Sep 21 22:10:41 2025] [FATAL] 宫人迎苌刺鬼，误中苌阴
[Sun Sep 21 22:10:41 2025] [INFO] 鬼相谓曰：正中死处
[Sun Sep 21 22:10:41 2025] [ERROR] 拔矛，出血石余
[Sun Sep 21 22:10:41 2025] [WARN] 寐而惊悸，遂患阴肿
[Sun Sep 21 22:10:41 2025] [ERROR] 医刺之，出血如梦
[Sun Sep 21 22:14:06 2025] [DEBUG] 梦苻坚将天官使者，鬼兵数百突入营中
[Sun Sep 21 22:14:06 2025] [INFO] 苌俱，走入宫
[Sun Sep 21 22:14:06 2025] [FATAL] 宫人迎苌刺鬼，误中苌阴
[Sun Sep 21 22:14:06 2025] [INFO] 鬼相谓曰：正中死处
[Sun Sep 21 22:14:06 2025] [ERROR] 拔矛，出血石余
[Sun Sep 21 22:14:06 2025] [WARN] 寐而惊悸，遂患阴肿
[Sun Sep 21 22:14:06 2025] [ERROR] 医刺之，出血如梦
[Sun Sep 21 22:15:00 2025] [DEBUG] 梦苻坚将天官使者，鬼兵数百突入营中
[Sun Sep 21 22:15:00 2025] [FATAL] 宫人迎苌刺鬼，误中苌阴
[Sun Sep 21 22:15:00 2025] [INFO] 苌俱，走入宫
[Sun Sep 21 22:15:00 2025] [ERROR] 拔矛，出血石余
[Sun Sep 21 22:15:00 2025] [INFO] 鬼相谓曰：正中死处
[Sun Sep 21 22:15:00 2025] [WARN] 寐而惊悸，遂患阴肿
[Sun Sep 21 22:15:00 2025] [ERROR] 医刺之，出血如梦
[Sun Sep 21 22:15:28 2025] [DEBUG] 梦苻坚将天官使者，鬼兵数百突入营中
[Sun Sep 21 22:15:28 2025] [INFO] 苌俱，走入宫
[Sun Sep 21 22:15:28 2025] [FATAL] 宫人迎苌刺鬼，误中苌阴
[Sun Sep 21 22:15:28 2025] [INFO] 鬼相谓曰：正中死处
[Sun Sep 21 22:15:28 2025] [ERROR] 拔矛，出血石余
[Sun Sep 21 22:15:28 2025] [WARN] 寐而惊悸，遂患阴肿
[Sun Sep 21 22:15:28 2025] [ERROR] 医刺之，出血如梦
[Sun Sep 21 22:15:41 2025] [DEBUG] 梦苻坚将天官使者，鬼兵数百突入营中
[Sun Sep 21 22:15:41 2025] [INFO] 苌俱，走入宫
[Sun Sep 21 22:15:41 2025] [FATAL] 宫人迎苌刺鬼，误中苌阴
[Sun Sep 21 22:15:41 2025] [INFO] 鬼相谓曰：正中死处
[Sun Sep 21 22:15:41 2025] [ERROR] 拔矛，出血石余
[Sun Sep 21 22:15:41 2025] [WARN] 寐而惊悸，遂患阴肿
[Sun Sep 21 22:15:41 2025] [ERROR] 医刺之，出血如梦
[Sun Sep 21 22:17:19 2025] [DEBUG] 梦苻坚将天官使者，鬼兵数百突入营中
[Sun Sep 21 22:17:19 2025] [INFO] 苌俱，走入宫
[Sun Sep 21 22:17:19 2025] [FATAL] 宫人迎苌刺鬼，误中苌阴
[Sun Sep 21 22:17:19 2025] [INFO] 鬼相谓曰：正中死处
[Sun Sep 21 22:17:19 2025] [WARN] 寐而惊悸，遂患阴肿
[Sun Sep 21 22:17:19 2025] [ERROR] 医刺之，出血如梦
[Sun Sep 21 22:17:19 2025] [ERROR] 拔矛，出血石余
[Sun Sep 21 22:17:32 2025] [DEBUG] 梦苻坚将天官使者，鬼兵数百突入营中
[Sun Sep 21 22:17:32 2025] [INFO] 苌俱，走入宫
[Sun Sep 21 22:17:32 2025] [FATAL] 宫人迎苌刺鬼，误中苌阴
[Sun Sep 21 22:17:32 2025] [INFO] 鬼相谓曰：正中死处
[Sun Sep 21 22:17:32 2025] [ERROR] 拔矛，出血石余
[Sun Sep 21 22:17:32 2025] [WARN] 寐而惊悸，遂患阴肿
[Sun Sep 21 22:17:32 2025] [ERROR] 医刺之，出血如梦
[Sun Sep 21 22:19:58 2025] [DEBUG] 梦苻坚将天官使者，鬼兵数百突入营中
[Sun Sep 21 22:19:58 2025] [INFO] 苌俱，走入宫
[Sun Sep 21 22:19:58 2025] [FATAL] 宫人迎苌刺鬼，误中苌阴
[Sun Sep 21 22:19:58 2025] [INFO] 鬼相谓曰：正中死处
[Sun Sep 21 22:19:58 2025] [ERROR] 拔矛，出血石余
[Sun Sep 21 22:19:58 2025] [WARN] 寐而惊悸，遂患阴肿
[Sun Sep 21 22:19:58 2025] [ERROR] 医刺之，出血如梦
[Sun Sep 21 22:20:31 2025] [DEBUG] 梦苻坚将天官使者，鬼兵数百突入营中
[Sun Sep 21 22:20:31 2025] [INFO] 苌俱，走入宫
[Sun Sep 21 22:20:31 2025] [FATAL] 宫人迎苌刺鬼，误中苌阴
[Sun Sep 21 22:20:31 2025] [INFO] 鬼相谓曰：正中死处
[Sun Sep 21 22:20:31 2025] [ERROR] 拔矛，出血石余
[Sun Sep 21 22:20:31 2025] [WARN] 寐而惊悸，遂患阴肿
[Sun Sep 21 22:20:31 2025] [ERROR] 医刺之，出血如梦
[Sun Sep 21 22:21:16 2025] [INFO] 苌俱，走入宫
[Sun Sep 21 22:21:16 2025] [DEBUG] 梦苻坚将天官使者，鬼兵数百突入营中
[Sun Sep 21 22:21:16 2025] [FATAL] 宫人迎苌刺鬼，误中苌阴
[Sun Sep 21 22:21:16 2025] [INFO] 鬼相谓曰：正中死处
[Sun Sep 21 22:21:16 2025] [ERROR] 拔矛，出血石余
[Sun Sep 21 22:21:16 2025] [WARN] 寐而惊悸，遂患阴肿
[Sun Sep 21 22:21:16 2025] [ERROR] 医刺之，出血如梦
[Sun Sep 21 22:21:39 2025] [DEBUG] 梦苻坚将天官使者，鬼兵数百突入营中
[Sun Sep 21 22:21:39 2025] [INFO] 苌俱，走入宫
[Sun Sep 21 22:21:39 2025] [FATAL] 宫人迎苌刺鬼，误中苌阴
[Sun Sep 21 22:21:39 2025] [INFO] 鬼相谓曰：正中死处
[Sun Sep 21 22:21:39 2025] [ERROR] 拔矛，出血石余
[Sun Sep 21 22:21:39 2025] [WARN] 寐而惊悸，遂患阴肿
[Sun Sep 21 22:21:39 2025] [ERROR] 医刺之，出血如梦
[Sun Sep 21 22:22:17 2025] [DEBUG] 梦苻坚将天官使者，鬼兵数百突入营中
[Sun Sep 21 22:22:17 2025] [INFO] 苌俱，走入宫
[Sun Sep 21 22:22:17 2025] [FATAL] 宫人迎苌刺鬼，误中苌阴
[Sun Sep 21 22:22:17 2025] [INFO] 鬼相谓曰：正中死处
[Sun Sep 21 22:22:17 2025] [ERROR] 拔矛，出血石余
[Sun Sep 21 22:22:17 2025] [WARN] 寐而惊悸，遂患阴肿
[Sun Sep 21 22:22:17 2025] [ERROR] 医刺之，出血如梦
[Sun Sep 21 22:22:17 2025] [ERROR] 医刺之，出血如梦
[Sun Sep 21 22:25:11 2025] [DEBUG] 梦苻坚将天官使者，鬼兵数百突入营中
[Sun Sep 21 22:25:11 2025] [INFO] 苌俱，走入宫
[Sun Sep 21 22:25:11 2025] [FATAL] 宫人迎苌刺鬼，误中苌阴
[Sun Sep 21 22:25:11 2025] [INFO] 鬼相谓曰：正中死处
[Sun Sep 21 22:25:11 2025] [ERROR] 拔矛，出血石余
[Sun Sep 21 22:25:11 2025] [WARN] 寐而惊悸，遂患阴肿
[Sun Sep 21 22:25:11 2025] [ERROR] 医刺之，出血如梦
[Sun Sep 21 22:26:26 2025] [DEBUG] 梦苻坚将天官使者，鬼兵数百突入营中
[Sun Sep 21 22:26:26 2025] [INFO] 苌俱，走入宫
[Sun Sep 21 22:26:26 2025] [INFO] 鬼相谓曰：正中死处
[Sun Sep 21 22:26:26 2025] [FATAL] 宫人迎苌刺鬼，误中苌阴
[Sun Sep 21 22:26:26 2025] [ERROR] 拔矛，出血石余
[Sun Sep 21 22:26:26 2025] [WARN] 寐而惊悸，遂患阴肿
[Sun Sep 21 22:26:39 2025] [DEBUG] 梦苻坚将天官使者，鬼兵数百突入营中
[Sun Sep 21 22:26:39 2025] [INFO] 苌俱，走入宫
[Sun Sep 21 22:26:39 2025] [FATAL] 宫人迎苌刺鬼，误中苌阴
[Sun Sep 21 22:26:39 2025] [INFO] 鬼相谓曰：正中死处
[Sun Sep 21 22:26:39 2025] [ERROR] 拔矛，出血石余
[Sun Sep 21 22:26:39 2025] [WARN] 寐而惊悸，遂患阴肿
[Sun Sep 21 22:26:39 2025] [ERROR] 医刺之，出血如梦
[Sun Sep 21 22:30:41 2025] [DEBUG] 梦苻坚将天官使者，鬼兵数百突入营中
[Sun Sep 21 22:30:41 2025] [INFO] 苌俱，走入宫
[Sun Sep 21 22:30:41 2025] [FATAL] 宫人迎苌刺鬼，误中苌阴
[Sun Sep 21 22:30:43 2025] [INFO] 鬼相谓曰：正中死处
[Sun Sep 21 22:30:43 2025] [ERROR] 拔矛，出血石余
[Sun Sep 21 22:30:43 2025] [WARN] 寐而惊悸，遂患阴肿
[Mon Sep 22 09:05:17 2025] [DEBUG] 梦苻坚将天官使者，鬼兵数百突入营中
[Mon Sep 22 09:05:17 2025] [ERROR] 拔矛，出血石余
[Mon Sep 22 09:05:17 2025] [WARN] 寐而惊悸，遂患阴肿
[Mon Sep 22 09:05:17 2025] [FATAL] 宫人迎苌刺鬼，误中苌阴
[Mon Sep 22 09:06:27 2025] [DEBUG] 梦苻坚将天官使者，鬼兵数百突入营中
[Mon Sep 22 09:06:27 2025] [ERROR] 拔矛，出血石余
[Mon Sep 22 09:06:27 2025] [FATAL] 宫人迎苌刺鬼，误中苌阴
[Mon Sep 22 09:06:27 2025] [WARN] 寐而惊悸，遂患阴肿
[Mon Sep 22 09:06:50 2025] [DEBUG] 梦苻坚将天官使者，鬼兵数百突入营中
[Mon Sep 22 09:06:50 2025] [ERROR] 拔矛，出血石余
[Mon Sep 22 09:06:50 2025] [ERROR] 医刺之，出血如梦
[Mon Sep 22 09:06:50 2025] [WARN] 寐而惊悸，遂患阴肿
[Mon Sep 22 09:06:50 2025] [INFO] 苌俱，走入宫
[Mon Sep 22 09:06:50 2025] [FATAL] 宫人迎苌刺鬼，误中苌阴
[Mon Sep 22 09:06:50 2025] [INFO] 鬼相谓曰：正中死处
[Mon Sep 22 09:07:27 2025] [DEBUG] 梦苻坚将天官使者，鬼兵数百突入营中
[Mon Sep 22 09:07:27 2025] [INFO] 苌俱，走入宫
[Mon Sep 22 09:07:27 2025] [INFO] 鬼相谓曰：正中死处
[Mon Sep 22 09:07:27 2025] [WARN] 寐而惊悸，遂患阴肿
[Mon Sep 22 09:07:27 2025] [ERROR] 拔矛，出血石余
[Mon Sep 22 09:07:27 2025] [ERROR] 医刺之，出血如梦
[Mon Sep 22 09:07:27 2025] [FATAL] 宫人迎苌刺鬼，误中苌阴
[Mon Sep 22 09:08:12 2025] [DEBUG] 梦苻坚将天官使者，鬼兵数百突入营中
[Mon Sep 22 09:08:12 2025] [INFO] 苌俱，走入宫
[Mon Sep 22 09:08:12 2025] [INFO] 鬼相谓曰：正中死处
[Mon Sep 22 09:08:12 2025] [ERROR] 医刺之，出血如梦
[Mon Sep 22 09:08:12 2025] [ERROR] 拔矛，出血石余
[Mon Sep 22 09:08:12 2025] [WARN] 寐而惊悸，遂患阴肿
[Mon Sep 22 09:08:12 2025] [FATAL] 宫人迎苌刺鬼，误中苌阴
[Mon Sep 22 09:28:36 2025] [DEBUG] 梦苻坚将天官使者，鬼兵数百突入营中
[Mon Sep 22 09:28:36 2025] [INFO] 鬼相谓曰：正中死处
[Mon Sep 22 09:28:36 2025] [FATAL] 宫人迎苌刺鬼，误中苌阴
[Mon Sep 22 09:28:36 2025] [ERROR] 拔矛，出血石余
[Mon Sep 22 09:28:36 2025] [INFO] 苌俱，走入宫
[Mon Sep 22 09:28:36 2025] [ERROR] 医刺之，出血如梦
[Mon Sep 22 09:28:36 2025] [WARN] 寐而惊悸，遂患阴肿
[Mon Sep 22 09:31:12 2025] [DEBUG] 梦苻坚将天官使者，鬼兵数百突入营中
[Mon Sep 22 09:31:12 2025] [INFO] 苌俱，走入宫
[Mon Sep 22 09:31:12 2025] [FATAL] 宫人迎苌刺鬼，误中苌阴
[Mon Sep 22 09:31:12 2025] [INFO] 鬼相谓曰：正中死处
[Mon Sep 22 09:31:12 2025] [ERROR] 拔矛，出血石余
[Mon Sep 22 09:31:12 2025] [WARN] 寐而惊悸，遂患阴肿
[Mon Sep 22 09:31:12 2025] [ERROR] 医刺之，出血如梦
[Mon Sep 22 09:33:59 2025] [DEBUG] 梦苻坚将天官使者，鬼兵数百突入营中
[Mon Sep 22 09:33:59 2025] [INFO] 苌俱，走入宫
[Mon Sep 22 09:33:59 2025] [FATAL] 宫人迎苌刺鬼，误中苌阴
[Mon Sep 22 09:33:59 2025] [INFO] 鬼相谓曰：正中死处
[Mon Sep 22 09:33:59 2025] [ERROR] 拔矛，出血石余
[Mon Sep 22 09:33:59 2025] [WARN] 寐而惊悸，遂患阴肿
[Mon Sep 22 09:33:59 2025] [ERROR] 医刺之，出血如梦
[Mon Sep 22 09:39:44 2025] [INFO] 苌俱，走入宫
[Mon Sep 22 09:39:44 2025] [DEBUG] 梦苻坚将天官使者，鬼兵数百突入营中
[Mon Sep 22 09:39:44 2025] [FATAL] 宫人迎苌刺鬼，误中苌阴
[Mon Sep 22 09:39:44 2025] [INFO] 鬼相谓曰：正中死处
[Mon Sep 22 09:39:44 2025] [ERROR] 拔矛，出血石余
[Mon Sep 22 09:39:44 2025] [ERROR] 医刺之，出血如梦
[Mon Sep 22 09:39:44 2025] [WARN] 寐而惊悸，遂患阴肿
[Mon Sep 22 09:43:45 2025] [DEBUG] 梦苻坚将天官使者，鬼兵数百突入营中
[Mon Sep 22 09:43:45 2025] [INFO] 苌俱，走入宫
[Mon Sep 22 09:43:45 2025] [FATAL] 宫人迎苌刺鬼，误中苌阴
[Mon Sep 22 09:43:45 2025] [INFO] 鬼相谓曰：正中死处
[Mon Sep 22 09:43:45 2025] [ERROR] 拔矛，出血石余
[Mon Sep 22 09:43:45 2025] [WARN] 寐而惊悸，遂患阴肿
[Mon Sep 22 09:43:45 2025] [ERROR] 医刺之，出血如梦
[Mon Sep 22 09:49:20 2025] [DEBUG] 梦苻坚将天官使者，鬼兵数百突入营中
[Mon Sep 22 09:49:20 2025] [INFO] 苌俱，走入宫
[Mon Sep 22 09:49:20 2025] [FATAL] 宫人迎苌刺鬼，误中苌阴
[Mon Sep 22 09:49:20 2025] [INFO] 鬼相谓曰：正中死处
[Mon Sep 22 09:49:20 2025] [ERROR] 医刺之，出血如梦
[Mon Sep 22 09:49:20 2025] [WARN] 寐而惊悸，遂患阴肿
[Mon Sep 22 09:49:20 2025] [ERROR] 拔矛，出血石余
[Mon Sep 22 09:50:03 2025] [DEBUG] 梦苻坚将天官使者，鬼兵数百突入营中
[Mon Sep 22 09:50:03 2025] [INFO] 苌俱，走入宫
[Mon Sep 22 09:50:03 2025] [FATAL] 宫人迎苌刺鬼，误中苌阴
[Mon Sep 22 09:50:03 2025] [INFO] 鬼相谓曰：正中死处
[Mon Sep 22 09:50:03 2025] [ERROR] 拔矛，出血石余
[Mon Sep 22 09:50:03 2025] [WARN] 寐而惊悸，遂患阴肿
[Mon Sep 22 09:50:03 2025] [ERROR] 医刺之，出血如梦
[Mon Sep 22 09:50:17 2025] [DEBUG] 梦苻坚将天官使者，鬼兵数百突入营中
[Mon Sep 22 09:50:17 2025] [INFO] 苌俱，走入宫
[Mon Sep 22 09:50:17 2025] [FATAL] 宫人迎苌刺鬼，误中苌阴
[Mon Sep 22 09:50:17 2025] [INFO] 鬼相谓曰：正中死处
[Mon Sep 22 09:50:17 2025] [ERROR] 拔矛，出血石余
[Mon Sep 22 09:50:17 2025] [WARN] 寐而惊悸，遂患阴肿
[Mon Sep 22 09:50:17 2025] [ERROR] 医刺之，出血如梦
[Mon Sep 22 09:54:29 2025] [DEBUG] 梦苻坚将天官使者，鬼兵数百突入营中
[Mon Sep 22 09:54:29 2025] [INFO] 苌俱，走入宫
[Mon Sep 22 09:54:29 2025] [FATAL] 宫人迎苌刺鬼，误中苌阴
[Mon Sep 22 09:54:29 2025] [ERROR] 拔矛，出血石余
[Mon Sep 22 09:54:29 2025] [INFO] 鬼相谓曰：正中死处
[Mon Sep 22 09:54:29 2025] [WARN] 寐而惊悸，遂患阴肿
[Mon Sep 22 09:54:29 2025] [ERROR] 医刺之，出血如梦
[Mon Sep 22 09:54:58 2025] [DEBUG] 梦苻坚将天官使者，鬼兵数百突入营中
[Mon Sep 22 09:54:58 2025] [INFO] 苌俱，走入宫
[Mon Sep 22 09:54:58 2025] [FATAL] 宫人迎苌刺鬼，误中苌阴
[Mon Sep 22 09:54:58 2025] [INFO] 鬼相谓曰：正中死处
[Mon Sep 22 09:54:58 2025] [ERROR] 拔矛，出血石余
[Mon Sep 22 09:54:58 2025] [WARN] 寐而惊悸，遂患阴肿
[Mon Sep 22 09:54:58 2025] [ERROR] 医刺之，出血如梦
[Mon Sep 22 09:59:25 2025] [DEBUG] 梦苻坚将天官使者，鬼兵数百突入营中
[Mon Sep 22 09:59:25 2025] [INFO] 苌俱，走入宫
[Mon Sep 22 09:59:25 2025] [FATAL] 宫人迎苌刺鬼，误中苌阴
[Mon Sep 22 09:59:25 2025] [INFO] 鬼相谓曰：正中死处
[Mon Sep 22 09:59:25 2025] [ERROR] 拔矛，出血石余
[Mon Sep 22 09:59:25 2025] [WARN] 寐而惊悸，遂患阴肿
[Mon Sep 22 09:59:25 2025] [ERROR] 医刺之，出血如梦
[Mon Sep 22 10:02:30 2025] [DEBUG] 梦苻坚将天官使者，鬼兵数百突入营中
[Mon Sep 22 10:02:52 2025] [INFO] 苌俱，走入宫
[Mon Sep 22 10:02:52 2025] [FATAL] 宫人迎苌刺鬼，误中苌阴
[Mon Sep 22 10:02:52 2025] [WARN] 寐而惊悸，遂患阴肿
[Mon Sep 22 10:02:52 2025] [INFO] 鬼相谓曰：正中死处
[Mon Sep 22 10:02:52 2025] [ERROR] 拔矛，出血石余
[Mon Sep 22 10:02:52 2025] [ERROR] 医刺之，出血如梦
[Mon Sep 22 15:35:15 2025] [DEBUG] 梦苻坚将天官使者，鬼兵数百突入营中
[Mon Sep 22 15:35:15 2025] [FATAL] 宫人迎苌刺鬼，误中苌阴
[Mon Sep 22 15:35:15 2025] [ERROR] 拔矛，出血石余
[Mon Sep 22 15:35:15 2025] [WARN] 寐而惊悸，遂患阴肿
[Mon Sep 22 15:35:15 2025] [INFO] 苌俱，走入宫
[Mon Sep 22 15:35:15 2025] [ERROR] 医刺之，出血如梦
[Mon Sep 22 15:35:15 2025] [INFO] 鬼相谓曰：正中死处
[Mon Sep 22 15:35:41 2025] [DEBUG] 梦苻坚将天官使者，鬼兵数百突入营中
[Mon Sep 22 15:35:41 2025] [INFO] 苌俱，走入宫
[Mon Sep 22 15:35:41 2025] [FATAL] 宫人迎苌刺鬼，误中苌阴
[Mon Sep 22 15:35:41 2025] [INFO] 鬼相谓曰：正中死处
[Mon Sep 22 15:35:41 2025] [ERROR] 拔矛，出血石余
[Mon Sep 22 15:35:41 2025] [WARN] 寐而惊悸，遂患阴肿
[Mon Sep 22 15:35:41 2025] [ERROR] 医刺之，出血如梦
[Mon Sep 22 15:38:43 2025] [DEBUG] 梦苻坚将天官使者，鬼兵数百突入营中
[Mon Sep 22 15:38:43 2025] [INFO] 苌俱，走入宫
[Mon Sep 22 15:38:43 2025] [FATAL] 宫人迎苌刺鬼，误中苌阴
[Mon Sep 22 15:38:43 2025] [INFO] 鬼相谓曰：正中死处
[Mon Sep 22 15:38:43 2025] [ERROR] 拔矛，出血石余
[Mon Sep 22 15:38:43 2025] [WARN] 寐而惊悸，遂患阴肿
[Mon Sep 22 15:38:43 2025] [ERROR] 医刺之，出血如梦
[Mon Sep 22 15:39:13 2025] [DEBUG] 梦苻坚将天官使者，鬼兵数百突入营中
[Mon Sep 22 15:39:13 2025] [INFO] 苌俱，走入宫
[Mon Sep 22 15:39:13 2025] [FATAL] 宫人迎苌刺鬼，误中苌阴
[Mon Sep 22 15:39:13 2025] [INFO] 鬼相谓曰：正中死处
[Mon Sep 22 15:39:13 2025] [ERROR] 拔矛，出血石余
[Mon Sep 22 15:39:13 2025] [WARN] 寐而惊悸，遂患阴肿
[Mon Sep 22 15:39:13 2025] [ERROR] 医刺之，出血如梦
[Mon Sep 22 15:39:56 2025] [DEBUG] 梦苻坚将天官使者，鬼兵数百突入营中
[Mon Sep 22 15:39:56 2025] [INFO] 苌俱，走入宫
[Mon Sep 22 15:39:56 2025] [FATAL] 宫人迎苌刺鬼，误中苌阴
[Mon Sep 22 15:39:56 2025] [INFO] 鬼相谓曰：正中死处
[Mon Sep 22 15:39:56 2025] [ERROR] 拔矛，出血石余
[Mon Sep 22 15:39:56 2025] [WARN] 寐而惊悸，遂患阴肿
[Mon Sep 22 15:39:56 2025] [ERROR] 医刺之，出血如梦
[Mon Sep 22 15:40:19 2025] [INFO] 苌俱，走入宫
[Mon Sep 22 15:40:19 2025] [DEBUG] 梦苻坚将天官使者，鬼兵数百突入营中
[Mon Sep 22 15:40:19 2025] [FATAL] 宫人迎苌刺鬼，误中苌阴
[Mon Sep 22 15:40:19 2025] [INFO] 鬼相谓曰：正中死处
[Mon Sep 22 15:40:19 2025] [ERROR] 拔矛，出血石余
[Mon Sep 22 15:40:19 2025] [WARN] 寐而惊悸，遂患阴肿
[Mon Sep 22 15:40:19 2025] [ERROR] 医刺之，出血如梦
[Mon Sep 22 15:42:45 2025] [DEBUG] 梦苻坚将天官使者，鬼兵数百突入营中
[Mon Sep 22 15:42:45 2025] [INFO] 苌俱，走入宫
[Mon Sep 22 15:42:45 2025] [FATAL] 宫人迎苌刺鬼，误中苌阴
[Mon Sep 22 15:42:45 2025] [ERROR] 拔矛，出血石余
[Mon Sep 22 15:42:45 2025] [INFO] 鬼相谓曰：正中死处
[Mon Sep 22 15:42:45 2025] [WARN] 寐而惊悸，遂患阴肿
[Mon Sep 22 15:42:45 2025] [ERROR] 医刺之，出血如梦
[Mon Sep 22 15:46:53 2025] [DEBUG] 梦苻坚将天官使者，鬼兵数百突入营中
[Mon Sep 22 15:46:53 2025] [INFO] 苌俱，走入宫
[Mon Sep 22 15:46:53 2025] [FATAL] 宫人迎苌刺鬼，误中苌阴
[Mon Sep 22 15:46:53 2025] [INFO] 鬼相谓曰：正中死处
[Mon Sep 22 15:46:53 2025] [ERROR] 拔矛，出血石余
[Mon Sep 22 15:46:53 2025] [WARN] 寐而惊悸，遂患阴肿
[Mon Sep 22 15:46:53 2025] [ERROR] 医刺之，出血如梦
[Mon Sep 22 15:48:58 2025] [DEBUG] 梦苻坚将天官使者，鬼兵数百突入营中
[Mon Sep 22 15:48:58 2025] [INFO] 苌俱，走入宫
[Mon Sep 22 15:48:58 2025] [FATAL] 宫人迎苌刺鬼，误中苌阴
[Mon Sep 22 15:48:58 2025] [INFO] 鬼相谓曰：正中死处
[Mon Sep 22 15:48:58 2025] [ERROR] 拔矛，出血石余
[Mon Sep 22 15:48:58 2025] [WARN] 寐而惊悸，遂患阴肿
[Mon Sep 22 15:48:58 2025] [ERROR] 医刺之，出血如梦
[Mon Sep 22 15:50:51 2025] [DEBUG] 梦苻坚将天官使者，鬼兵数百突入营中
[Mon Sep 22 15:50:51 2025] [INFO] 苌俱，走入宫
[Mon Sep 22 15:50:51 2025] [FATAL] 宫人迎苌刺鬼，误中苌阴
[Mon Sep 22 15:50:51 2025] [INFO] 鬼相谓曰：正中死处
[Mon Sep 22 15:50:51 2025] [ERROR] 拔矛，出血石余
[Mon Sep 22 15:50:51 2025] [WARN] 寐而惊悸，遂患阴肿
[Mon Sep 22 15:50:51 2025] [ERROR] 医刺之，出血如梦
[Mon Sep 22 15:52:57 2025] [DEBUG] 梦苻坚将天官使者，鬼兵数百突入营中
[Mon Sep 22 15:52:57 2025] [INFO] 苌俱，走入宫
[Mon Sep 22 15:52:57 2025] [FATAL] 宫人迎苌刺鬼，误中苌阴
[Mon Sep 22 15:52:57 2025] [INFO] 鬼相谓曰：正中死处
[Mon Sep 22 15:52:57 2025] [ERROR] 拔矛，出血石余
[Mon Sep 22 15:52:57 2025] [WARN] 寐而惊悸，遂患阴肿
[Mon Sep 22 15:52:57 2025] [ERROR] 医刺之，出血如梦
[Mon Sep 22 15:53:12 2025] [DEBUG] 梦苻坚将天官使者，鬼兵数百突入营中
[Mon Sep 22 15:53:12 2025] [INFO] 苌俱，走入宫
[Mon Sep 22 15:53:12 2025] [FATAL] 宫人迎苌刺鬼，误中苌阴
[Mon Sep 22 15:53:12 2025] [INFO] 鬼相谓曰：正中死处
[Mon Sep 22 15:53:12 2025] [ERROR] 拔矛，出血石余
[Mon Sep 22 15:53:12 2025] [WARN] 寐而惊悸，遂患阴肿
[Mon Sep 22 15:53:12 2025] [ERROR] 医刺之，出血如梦
[Mon Sep 22 15:53:30 2025] [DEBUG] 梦苻坚将天官使者，鬼兵数百突入营中
[Mon Sep 22 15:53:30 2025] [INFO] 苌俱，走入宫
[Mon Sep 22 15:53:30 2025] [FATAL] 宫人迎苌刺鬼，误中苌阴
[Mon Sep 22 15:53:30 2025] [INFO] 鬼相谓曰：正中死处
[Mon Sep 22 15:53:30 2025] [ERROR] 拔矛，出血石余
[Mon Sep 22 15:53:30 2025] [WARN] 寐而惊悸，遂患阴肿
[Mon Sep 22 15:53:30 2025] [ERROR] 医刺之，出血如梦
[Mon Sep 22 15:53:46 2025] [DEBUG] 梦苻坚将天官使者，鬼兵数百突入营中
[Mon Sep 22 15:53:46 2025] [INFO] 苌俱，走入宫
[Mon Sep 22 15:53:46 2025] [FATAL] 宫人迎苌刺鬼，误中苌阴
[Mon Sep 22 15:53:46 2025] [INFO] 鬼相谓曰：正中死处
[Mon Sep 22 15:53:46 2025] [ERROR] 拔矛，出血石余
[Mon Sep 22 15:53:46 2025] [WARN] 寐而惊悸，遂患阴肿
[Mon Sep 22 15:53:46 2025] [ERROR] 医刺之，出血如梦
[Mon Sep 22 15:53:58 2025] [DEBUG] 梦苻坚将天官使者，鬼兵数百突入营中
[Mon Sep 22 15:53:58 2025] [INFO] 苌俱，走入宫
[Mon Sep 22 15:53:58 2025] [FATAL] 宫人迎苌刺鬼，误中苌阴
[Mon Sep 22 15:53:58 2025] [INFO] 鬼相谓曰：正中死处
[Mon Sep 22 15:53:58 2025] [ERROR] 拔矛，出血石余
[Mon Sep 22 15:53:58 2025] [WARN] 寐而惊悸，遂患阴肿
[Mon Sep 22 15:53:58 2025] [ERROR] 医刺之，出血如梦
[Mon Sep 22 15:55:57 2025] [DEBUG] 梦苻坚将天官使者，鬼兵数百突入营中
[Mon Sep 22 15:55:57 2025] [INFO] 苌俱，走入宫
[Mon Sep 22 15:55:57 2025] [FATAL] 宫人迎苌刺鬼，误中苌阴
[Mon Sep 22 15:55:57 2025] [INFO] 鬼相谓曰：正中死处
[Mon Sep 22 15:55:57 2025] [ERROR] 拔矛，出血石余
[Mon Sep 22 15:55:57 2025] [WARN] 寐而惊悸，遂患阴肿
[Mon Sep 22 15:55:57 2025] [ERROR] 医刺之，出血如梦
[Mon Sep 22 15:56:39 2025] [DEBUG] 梦苻坚将天官使者，鬼兵数百突入营中
[Mon Sep 22 15:56:39 2025] [INFO] 苌俱，走入宫
[Mon Sep 22 15:56:39 2025] [FATAL] 宫人迎苌刺鬼，误中苌阴
[Mon Sep 22 15:56:39 2025] [INFO] 鬼相谓曰：正中死处
[Mon Sep 22 15:56:39 2025] [ERROR] 拔矛，出血石余
[Mon Sep 22 15:56:39 2025] [WARN] 寐而惊悸，遂患阴肿
[Mon Sep 22 15:56:39 2025] [ERROR] 医刺之，出血如梦
[Mon Sep 22 15:57:28 2025] [DEBUG] 梦苻坚将天官使者，鬼兵数百突入营中
[Mon Sep 22 15:57:28 2025] [INFO] 苌俱，走入宫
[Mon Sep 22 15:57:28 2025] [FATAL] 宫人迎苌刺鬼，误中苌阴
[Mon Sep 22 15:57:28 2025] [INFO] 鬼相谓曰：正中死处
[Mon Sep 22 15:57:28 2025] [ERROR] 拔矛，出血石余
[Mon Sep 22 15:57:28 2025] [WARN] 寐而惊悸，遂患阴肿
[Mon Sep 22 15:57:28 2025] [ERROR] 医刺之，出血如梦
[Mon Sep 22 15:58:46 2025] [DEBUG] 梦苻坚将天官使者，鬼兵数百突入营中
[Mon Sep 22 15:58:46 2025] [INFO] 苌俱，走入宫
[Mon Sep 22 15:58:46 2025] [FATAL] 宫人迎苌刺鬼，误中苌阴
[Mon Sep 22 15:58:46 2025] [INFO] 鬼相谓曰：正中死处
[Mon Sep 22 15:58:46 2025] [ERROR] 拔矛，出血石余
[Mon Sep 22 15:58:46 2025] [WARN] 寐而惊悸，遂患阴肿
[Mon Sep 22 15:58:46 2025] [ERROR] 医刺之，出血如梦
[Mon Sep 22 16:00:08 2025] [DEBUG] 梦苻坚将天官使者，鬼兵数百突入营中
[Mon Sep 22 16:00:08 2025] [INFO] 苌俱，走入宫
[Mon Sep 22 16:00:08 2025] [FATAL] 宫人迎苌刺鬼，误中苌阴
[Mon Sep 22 16:00:08 2025] [INFO] 鬼相谓曰：正中死处
[Mon Sep 22 16:00:08 2025] [ERROR] 拔矛，出血石余
[Mon Sep 22 16:00:08 2025] [WARN] 寐而惊悸，遂患阴肿
[Mon Sep 22 16:00:08 2025] [ERROR] 医刺之，出血如梦
[Mon Sep 22 16:01:29 2025] [DEBUG] 梦苻坚将天官使者，鬼兵数百突入营中
[Mon Sep 22 16:01:29 2025] [INFO] 苌俱，走入宫
[Mon Sep 22 16:01:29 2025] [FATAL] 宫人迎苌刺鬼，误中苌阴
[Mon Sep 22 16:01:29 2025] [INFO] 鬼相谓曰：正中死处
[Mon Sep 22 16:01:29 2025] [ERROR] 拔矛，出血石余
[Mon Sep 22 16:01:29 2025] [WARN] 寐而惊悸，遂患阴肿
[Mon Sep 22 16:01:29 2025] [ERROR] 医刺之，出血如梦
[Mon Sep 22 16:02:06 2025] [DEBUG] 梦苻坚将天官使者，鬼兵数百突入营中
[Mon Sep 22 16:02:06 2025] [INFO] 苌俱，走入宫
[Mon Sep 22 16:02:06 2025] [FATAL] 宫人迎苌刺鬼，误中苌阴
[Mon Sep 22 16:02:06 2025] [INFO] 鬼相谓曰：正中死处
[Mon Sep 22 16:02:06 2025] [ERROR] 医刺之，出血如梦
[Mon Sep 22 16:02:06 2025] [ERROR] 拔矛，出血石余
[Mon Sep 22 16:02:06 2025] [WARN] 寐而惊悸，遂患阴肿
[Mon Sep 22 16:03:13 2025] [DEBUG] 梦苻坚将天官使者，鬼兵数百突入营中
[Mon Sep 22 16:03:13 2025] [INFO] 苌俱，走入宫
[Mon Sep 22 16:03:13 2025] [FATAL] 宫人迎苌刺鬼，误中苌阴
[Mon Sep 22 16:03:13 2025] [INFO] 鬼相谓曰：正中死处
[Mon Sep 22 16:03:13 2025] [ERROR] 拔矛，出血石余
[Mon Sep 22 16:03:13 2025] [WARN] 寐而惊悸，遂患阴肿
[Mon Sep 22 16:03:13 2025] [ERROR] 医刺之，出血如梦
[Mon Sep 22 16:09:07 2025] [DEBUG] 梦苻坚将天官使者，鬼兵数百突入营中
[Mon Sep 22 16:09:07 2025] [INFO] 苌俱，走入宫
[Mon Sep 22 16:09:07 2025] [FATAL] 宫人迎苌刺鬼，误中苌阴
[Mon Sep 22 16:09:07 2025] [INFO] 鬼相谓曰：正中死处
[Mon Sep 22 16:09:07 2025] [ERROR] 拔矛，出血石余
[Mon Sep 22 16:09:07 2025] [ERROR] 医刺之，出血如梦
[Mon Sep 22 16:09:07 2025] [WARN] 寐而惊悸，遂患阴肿
[Mon Sep 22 16:16:56 2025] [INFO] 苌俱，走入宫
[Mon Sep 22 16:16:56 2025] [DEBUG] 梦苻坚将天官使者，鬼兵数百突入营中
[Mon Sep 22 16:16:56 2025] [INFO] 鬼相谓曰：正中死处
[Mon Sep 22 16:16:56 2025] [FATAL] 宫人迎苌刺鬼，误中苌阴
[Mon Sep 22 16:16:56 2025] [WARN] 寐而惊悸，遂患阴肿
[Mon Sep 22 16:16:56 2025] [ERROR] 拔矛，出血石余
[Mon Sep 22 16:16:56 2025] [ERROR] 医刺之，出血如梦
[Mon Sep 22 16:19:02 2025] [DEBUG] 梦苻坚将天官使者，鬼兵数百突入营中
[Mon Sep 22 16:19:02 2025] [INFO] 苌俱，走入宫
[Mon Sep 22 16:19:02 2025] [FATAL] 宫人迎苌刺鬼，误中苌阴
[Mon Sep 22 16:19:02 2025] [INFO] 鬼相谓曰：正中死处
[Mon Sep 22 16:19:02 2025] [ERROR] 拔矛，出血石余
[Mon Sep 22 16:19:02 2025] [WARN] 寐而惊悸，遂患阴肿
[Mon Sep 22 16:19:02 2025] [ERROR] 医刺之，出血如梦
[Mon Sep 22 16:27:39 2025] [DEBUG] 梦苻坚将天官使者，鬼兵数百突入营中
[Mon Sep 22 16:27:39 2025] [INFO] 苌俱，走入宫
[Mon Sep 22 16:27:39 2025] [FATAL] 宫人迎苌刺鬼，误中苌阴
[Mon Sep 22 16:27:39 2025] [INFO] 鬼相谓曰：正中死处
[Mon Sep 22 16:27:39 2025] [ERROR] 拔矛，出血石余
[Mon Sep 22 16:27:39 2025] [WARN] 寐而惊悸，遂患阴肿
[Mon Sep 22 16:27:39 2025] [ERROR] 医刺之，出血如梦
[Mon Sep 22 16:28:48 2025] [DEBUG] 梦苻坚将天官使者，鬼兵数百突入营中
[Mon Sep 22 16:28:48 2025] [INFO] 苌俱，走入宫
[Mon Sep 22 16:28:48 2025] [FATAL] 宫人迎苌刺鬼，误中苌阴
[Mon Sep 22 16:28:48 2025] [ERROR] 拔矛，出血石余
[Mon Sep 22 16:28:48 2025] [INFO] 鬼相谓曰：正中死处
[Mon Sep 22 16:28:48 2025] [WARN] 寐而惊悸，遂患阴肿
[Mon Sep 22 16:28:48 2025] [ERROR] 医刺之，出血如梦
[Mon Sep 22 16:42:36 2025] [DEBUG] 梦苻坚将天官使者，鬼兵数百突入营中
[Mon Sep 22 16:42:36 2025] [INFO] 苌俱，走入宫
[Mon Sep 22 16:42:36 2025] [FATAL] 宫人迎苌刺鬼，误中苌阴
[Mon Sep 22 16:42:36 2025] [INFO] 鬼相谓曰：正中死处
[Mon Sep 22 16:42:36 2025] [ERROR] 拔矛，出血石余
[Mon Sep 22 16:42:36 2025] [WARN] 寐而惊悸，遂患阴肿
[Mon Sep 22 16:42:36 2025] [ERROR] 医刺之，出血如梦
[Mon Sep 22 16:44:01 2025] [DEBUG] 梦苻坚将天官使者，鬼兵数百突入营中
[Mon Sep 22 16:44:01 2025] [INFO] 苌俱，走入宫
[Mon Sep 22 16:44:01 2025] [FATAL] 宫人迎苌刺鬼，误中苌阴
[Mon Sep 22 16:44:01 2025] [INFO] 鬼相谓曰：正中死处
[Mon Sep 22 16:44:01 2025] [ERROR] 拔矛，出血石余
[Mon Sep 22 16:44:01 2025] [WARN] 寐而惊悸，遂患阴肿
[Mon Sep 22 16:44:01 2025] [ERROR] 医刺之，出血如梦
[Mon Sep 22 16:49:51 2025] [DEBUG] 梦苻坚将天官使者，鬼兵数百突入营中
[Mon Sep 22 16:49:51 2025] [FATAL] 宫人迎苌刺鬼，误中苌阴
[Mon Sep 22 16:49:51 2025] [INFO] 苌俱，走入宫
[Mon Sep 22 16:49:51 2025] [INFO] 鬼相谓曰：正中死处
[Mon Sep 22 16:49:51 2025] [ERROR] 拔矛，出血石余
[Mon Sep 22 16:49:51 2025] [WARN] 寐而惊悸，遂患阴肿
[Mon Sep 22 16:49:51 2025] [ERROR] 医刺之，出血如梦
[Mon Sep 22 16:53:02 2025] [DEBUG] 梦苻坚将天官使者，鬼兵数百突入营中
[Mon Sep 22 16:53:02 2025] [INFO] 苌俱，走入宫
[Mon Sep 22 16:53:02 2025] [FATAL] 宫人迎苌刺鬼，误中苌阴
[Mon Sep 22 16:53:02 2025] [INFO] 鬼相谓曰：正中死处
[Mon Sep 22 16:53:02 2025] [ERROR] 拔矛，出血石余
[Mon Sep 22 16:53:02 2025] [WARN] 寐而惊悸，遂患阴肿
[Mon Sep 22 16:53:02 2025] [ERROR] 医刺之，出血如梦
[Mon Sep 22 16:53:18 2025] [DEBUG] 梦苻坚将天官使者，鬼兵数百突入营中
[Mon Sep 22 16:53:18 2025] [INFO] 苌俱，走入宫
[Mon Sep 22 16:53:18 2025] [FATAL] 宫人迎苌刺鬼，误中苌阴
[Mon Sep 22 16:53:18 2025] [INFO] 鬼相谓曰：正中死处
[Mon Sep 22 16:53:18 2025] [ERROR] 拔矛，出血石余
[Mon Sep 22 16:53:18 2025] [WARN] 寐而惊悸，遂患阴肿
[Mon Sep 22 16:53:18 2025] [ERROR] 医刺之，出血如梦
[Mon Sep 22 16:53:31 2025] [DEBUG] 梦苻坚将天官使者，鬼兵数百突入营中
[Mon Sep 22 16:53:31 2025] [FATAL] 宫人迎苌刺鬼，误中苌阴
[Mon Sep 22 16:53:31 2025] [INFO] 苌俱，走入宫
[Mon Sep 22 16:53:31 2025] [ERROR] 拔矛，出血石余
[Mon Sep 22 16:53:31 2025] [WARN] 寐而惊悸，遂患阴肿
[Mon Sep 22 16:53:31 2025] [INFO] 鬼相谓曰：正中死处
[Mon Sep 22 16:53:31 2025] [ERROR] 医刺之，出血如梦
[Mon Sep 22 16:57:25 2025] [DEBUG] 梦苻坚将天官使者，鬼兵数百突入营中
[Mon Sep 22 16:57:25 2025] [FATAL] 宫人迎苌刺鬼，误中苌阴
[Mon Sep 22 16:57:25 2025] [INFO] 苌俱，走入宫
[Mon Sep 22 16:57:25 2025] [ERROR] 拔矛，出血石余
[Mon Sep 22 16:57:25 2025] [INFO] 鬼相谓曰：正中死处
[Mon Sep 22 16:57:25 2025] [ERROR] 医刺之，出血如梦
[Mon Sep 22 16:57:25 2025] [WARN] 寐而惊悸，遂患阴肿
[Mon Sep 22 16:57:46 2025] [DEBUG] 梦苻坚将天官使者，鬼兵数百突入营中
[Mon Sep 22 16:57:46 2025] [INFO] 苌俱，走入宫
[Mon Sep 22 16:57:46 2025] [FATAL] 宫人迎苌刺鬼，误中苌阴
[Mon Sep 22 16:57:46 2025] [INFO] 鬼相谓曰：正中死处
[Mon Sep 22 16:57:46 2025] [ERROR] 拔矛，出血石余
[Mon Sep 22 16:57:46 2025] [WARN] 寐而惊悸，遂患阴肿
[Mon Sep 22 16:57:46 2025] [ERROR] 医刺之，出血如梦
[Mon Sep 22 16:59:03 2025] [DEBUG] 梦苻坚将天官使者，鬼兵数百突入营中
[Mon Sep 22 16:59:03 2025] [INFO] 苌俱，走入宫
[Mon Sep 22 16:59:03 2025] [FATAL] 宫人迎苌刺鬼，误中苌阴
[Mon Sep 22 16:59:03 2025] [INFO] 鬼相谓曰：正中死处
[Mon Sep 22 16:59:03 2025] [ERROR] 拔矛，出血石余
[Mon Sep 22 16:59:03 2025] [WARN] 寐而惊悸，遂患阴肿
[Mon Sep 22 16:59:03 2025] [ERROR] 医刺之，出血如梦
[Mon Sep 22 17:05:28 2025] [DEBUG] 梦苻坚将天官使者，鬼兵数百突入营中
[Mon Sep 22 17:05:28 2025] [INFO] 苌俱，走入宫
[Mon Sep 22 17:05:28 2025] [FATAL] 宫人迎苌刺鬼，误中苌阴
[Mon Sep 22 17:05:28 2025] [INFO] 鬼相谓曰：正中死处
[Mon Sep 22 17:05:28 2025] [ERROR] 拔矛，出血石余
[Mon Sep 22 17:05:28 2025] [WARN] 寐而惊悸，遂患阴肿
[Mon Sep 22 17:05:28 2025] [ERROR] 医刺之，出血如梦
[Mon Sep 22 17:05:40 2025] [DEBUG] 梦苻坚将天官使者，鬼兵数百突入营中
[Mon Sep 22 17:05:40 2025] [INFO] 苌俱，走入宫
[Mon Sep 22 17:05:40 2025] [FATAL] 宫人迎苌刺鬼，误中苌阴
[Mon Sep 22 17:05:40 2025] [INFO] 鬼相谓曰：正中死处
[Mon Sep 22 17:05:40 2025] [ERROR] 拔矛，出血石余
[Mon Sep 22 17:05:40 2025] [WARN] 寐而惊悸，遂患阴肿
[Mon Sep 22 17:05:40 2025] [ERROR] 医刺之，出血如梦
[Mon Sep 22 17:07:24 2025] [INFO] 苌俱，走入宫
[Mon Sep 22 17:07:24 2025] [FATAL] 宫人迎苌刺鬼，误中苌阴
[Mon Sep 22 17:07:24 2025] [DEBUG] 梦苻坚将天官使者，鬼兵数百突入营中
[Mon Sep 22 17:07:24 2025] [INFO] 鬼相谓曰：正中死处
[Mon Sep 22 17:07:24 2025] [ERROR] 拔矛，出血石余
[Mon Sep 22 17:07:24 2025] [WARN] 寐而惊悸，遂患阴肿
[Mon Sep 22 17:07:24 2025] [ERROR] 医刺之，出血如梦
[Mon Sep 22 17:08:15 2025] [DEBUG] 梦苻坚将天官使者，鬼兵数百突入营中
[Mon Sep 22 17:08:15 2025] [INFO] 苌俱，走入宫
[Mon Sep 22 17:08:15 2025] [FATAL] 宫人迎苌刺鬼，误中苌阴
[Mon Sep 22 17:08:15 2025] [INFO] 鬼相谓曰：正中死处
[Mon Sep 22 17:08:15 2025] [ERROR] 拔矛，出血石余
[Mon Sep 22 17:08:15 2025] [WARN] 寐而惊悸，遂患阴肿
[Mon Sep 22 17:08:15 2025] [ERROR] 医刺之，出血如梦
[Mon Sep 22 17:08:31 2025] [DEBUG] 梦苻坚将天官使者，鬼兵数百突入营中
[Mon Sep 22 17:08:31 2025] [INFO] 苌俱，走入宫
[Mon Sep 22 17:08:31 2025] [FATAL] 宫人迎苌刺鬼，误中苌阴
[Mon Sep 22 17:08:31 2025] [INFO] 鬼相谓曰：正中死处
[Mon Sep 22 17:08:31 2025] [ERROR] 拔矛，出血石余
[Mon Sep 22 17:08:31 2025] [ERROR] 医刺之，出血如梦
[Mon Sep 22 17:08:31 2025] [WARN] 寐而惊悸，遂患阴肿
[Mon Sep 22 17:08:43 2025] [DEBUG] 梦苻坚将天官使者，鬼兵数百突入营中
[Mon Sep 22 17:08:43 2025] [INFO] 苌俱，走入宫
[Mon Sep 22 17:08:43 2025] [FATAL] 宫人迎苌刺鬼，误中苌阴
[Mon Sep 22 17:08:43 2025] [INFO] 鬼相谓曰：正中死处
[Mon Sep 22 17:08:43 2025] [ERROR] 拔矛，出血石余
[Mon Sep 22 17:08:43 2025] [WARN] 寐而惊悸，遂患阴肿
[Mon Sep 22 17:08:43 2025] [ERROR] 医刺之，出血如梦
[Mon Sep 22 17:08:55 2025] [DEBUG] 梦苻坚将天官使者，鬼兵数百突入营中
[Mon Sep 22 17:08:55 2025] [INFO] 苌俱，走入宫
[Mon Sep 22 17:08:55 2025] [FATAL] 宫人迎苌刺鬼，误中苌阴
[Mon Sep 22 17:08:55 2025] [INFO] 鬼相谓曰：正中死处
[Mon Sep 22 17:08:55 2025] [ERROR] 拔矛，出血石余
[Mon Sep 22 17:08:55 2025] [WARN] 寐而惊悸，遂患阴肿
[Mon Sep 22 17:08:55 2025] [ERROR] 医刺之，出血如梦
[Mon Sep 22 17:12:39 2025] [DEBUG] 梦苻坚将天官使者，鬼兵数百突入营中
[Mon Sep 22 17:12:39 2025] [INFO] 苌俱，走入宫
[Mon Sep 22 17:12:39 2025] [FATAL] 宫人迎苌刺鬼，误中苌阴
[Mon Sep 22 17:12:39 2025] [INFO] 鬼相谓曰：正中死处
[Mon Sep 22 17:12:39 2025] [ERROR] 拔矛，出血石余
[Mon Sep 22 17:12:39 2025] [ERROR] 医刺之，出血如梦
[Mon Sep 22 17:12:39 2025] [WARN] 寐而惊悸，遂患阴肿
[Mon Sep 22 17:13:09 2025] [DEBUG] 梦苻坚将天官使者，鬼兵数百突入营中
[Mon Sep 22 17:13:09 2025] [INFO] 苌俱，走入宫
[Mon Sep 22 17:13:09 2025] [FATAL] 宫人迎苌刺鬼，误中苌阴
[Mon Sep 22 17:13:09 2025] [INFO] 鬼相谓曰：正中死处
[Mon Sep 22 17:13:09 2025] [ERROR] 拔矛，出血石余
[Mon Sep 22 17:13:09 2025] [WARN] 寐而惊悸，遂患阴肿
[Mon Sep 22 17:13:09 2025] [ERROR] 医刺之，出血如梦
[Mon Sep 22 17:13:42 2025] [INFO] 苌俱，走入宫
[Mon Sep 22 17:13:42 2025] [DEBUG] 梦苻坚将天官使者，鬼兵数百突入营中
[Mon Sep 22 17:13:42 2025] [FATAL] 宫人迎苌刺鬼，误中苌阴
[Mon Sep 22 17:13:42 2025] [INFO] 鬼相谓曰：正中死处
[Mon Sep 22 17:13:42 2025] [ERROR] 拔矛，出血石余
[Mon Sep 22 17:13:42 2025] [WARN] 寐而惊悸，遂患阴肿
[Mon Sep 22 17:13:42 2025] [ERROR] 医刺之，出血如梦
[Mon Sep 22 17:23:19 2025] [DEBUG] 梦苻坚将天官使者，鬼兵数百突入营中
[Mon Sep 22 17:23:19 2025] [INFO] 苌俱，走入宫
[Mon Sep 22 17:23:19 2025] [FATAL] 宫人迎苌刺鬼，误中苌阴
[Mon Sep 22 17:23:19 2025] [INFO] 鬼相谓曰：正中死处
[Mon Sep 22 17:23:19 2025] [ERROR] 拔矛，出血石余
[Mon Sep 22 17:23:19 2025] [WARN] 寐而惊悸，遂患阴肿
[Mon Sep 22 17:23:19 2025] [ERROR] 医刺之，出血如梦
[Mon Sep 22 17:24:04 2025] [DEBUG] 梦苻坚将天官使者，鬼兵数百突入营中
[Mon Sep 22 17:24:04 2025] [INFO] 苌俱，走入宫
[Mon Sep 22 17:24:04 2025] [FATAL] 宫人迎苌刺鬼，误中苌阴
[Mon Sep 22 17:24:04 2025] [INFO] 鬼相谓曰：正中死处
[Mon Sep 22 17:24:04 2025] [ERROR] 拔矛，出血石余
[Mon Sep 22 17:24:04 2025] [WARN] 寐而惊悸，遂患阴肿
[Mon Sep 22 17:24:04 2025] [ERROR] 医刺之，出血如梦
[Mon Sep 22 17:24:18 2025] [DEBUG] 梦苻坚将天官使者，鬼兵数百突入营中
[Mon Sep 22 17:24:18 2025] [INFO] 苌俱，走入宫
[Mon Sep 22 17:24:18 2025] [FATAL] 宫人迎苌刺鬼，误中苌阴
[Mon Sep 22 17:24:18 2025] [INFO] 鬼相谓曰：正中死处
[Mon Sep 22 17:24:18 2025] [ERROR] 拔矛，出血石余
[Mon Sep 22 17:24:18 2025] [WARN] 寐而惊悸，遂患阴肿
[Mon Sep 22 17:24:18 2025] [ERROR] 医刺之，出血如梦
[Mon Sep 22 17:24:32 2025] [DEBUG] 梦苻坚将天官使者，鬼兵数百突入营中
[Mon Sep 22 17:24:32 2025] [INFO] 苌俱，走入宫
[Mon Sep 22 17:24:32 2025] [FATAL] 宫人迎苌刺鬼，误中苌阴
[Mon Sep 22 17:24:32 2025] [INFO] 鬼相谓曰：正中死处
[Mon Sep 22 17:24:32 2025] [ERROR] 拔矛，出血石余
[Mon Sep 22 17:24:32 2025] [WARN] 寐而惊悸，遂患阴肿
[Mon Sep 22 17:24:32 2025] [ERROR] 医刺之，出血如梦
[Mon Sep 22 17:24:44 2025] [DEBUG] 梦苻坚将天官使者，鬼兵数百突入营中
[Mon Sep 22 17:24:44 2025] [INFO] 苌俱，走入宫
[Mon Sep 22 17:24:44 2025] [FATAL] 宫人迎苌刺鬼，误中苌阴
[Mon Sep 22 17:24:44 2025] [INFO] 鬼相谓曰：正中死处
[Mon Sep 22 17:24:44 2025] [ERROR] 拔矛，出血石余
[Mon Sep 22 17:24:44 2025] [WARN] 寐而惊悸，遂患阴肿
[Mon Sep 22 17:24:44 2025] [ERROR] 医刺之，出血如梦
[Mon Sep 22 17:33:41 2025] [DEBUG] 梦苻坚将天官使者，鬼兵数百突入营中
[Mon Sep 22 17:33:41 2025] [FATAL] 宫人迎苌刺鬼，误中苌阴
[Mon Sep 22 17:33:41 2025] [INFO] 苌俱，走入宫
[Mon Sep 22 17:33:41 2025] [INFO] 鬼相谓曰：正中死处
[Mon Sep 22 17:33:41 2025] [WARN] 寐而惊悸，遂患阴肿
[Mon Sep 22 17:33:41 2025] [ERROR] 拔矛，出血石余
[Mon Sep 22 17:33:41 2025] [ERROR] 医刺之，出血如梦
[Mon Sep 22 17:34:21 2025] [DEBUG] 梦苻坚将天官使者，鬼兵数百突入营中
[Mon Sep 22 17:34:21 2025] [INFO] 苌俱，走入宫
[Mon Sep 22 17:34:21 2025] [FATAL] 宫人迎苌刺鬼，误中苌阴
[Mon Sep 22 17:34:21 2025] [INFO] 鬼相谓曰：正中死处
[Mon Sep 22 17:34:21 2025] [ERROR] 拔矛，出血石余
[Mon Sep 22 17:34:21 2025] [WARN] 寐而惊悸，遂患阴肿
[Mon Sep 22 17:34:21 2025] [ERROR] 医刺之，出血如梦
[Mon Sep 22 17:35:15 2025] [DEBUG] 梦苻坚将天官使者，鬼兵数百突入营中
[Mon Sep 22 17:35:15 2025] [INFO] 苌俱，走入宫
[Mon Sep 22 17:35:15 2025] [FATAL] 宫人迎苌刺鬼，误中苌阴
[Mon Sep 22 17:35:15 2025] [INFO] 鬼相谓曰：正中死处
[Mon Sep 22 17:35:15 2025] [ERROR] 拔矛，出血石余
[Mon Sep 22 17:35:15 2025] [WARN] 寐而惊悸，遂患阴肿
[Mon Sep 22 17:35:15 2025] [ERROR] 医刺之，出血如梦
[Mon Sep 22 17:37:22 2025] [DEBUG] 梦苻坚将天官使者，鬼兵数百突入营中
[Mon Sep 22 17:37:22 2025] [INFO] 苌俱，走入宫
[Mon Sep 22 17:37:22 2025] [FATAL] 宫人迎苌刺鬼，误中苌阴
[Mon Sep 22 17:37:22 2025] [INFO] 鬼相谓曰：正中死处
[Mon Sep 22 17:37:22 2025] [ERROR] 拔矛，出血石余
[Mon Sep 22 17:37:22 2025] [WARN] 寐而惊悸，遂患阴肿
[Mon Sep 22 17:37:22 2025] [ERROR] 医刺之，出血如梦
[Mon Sep 22 17:37:44 2025] [DEBUG] 梦苻坚将天官使者，鬼兵数百突入营中
[Mon Sep 22 17:37:44 2025] [INFO] 苌俱，走入宫
[Mon Sep 22 17:37:44 2025] [INFO] 鬼相谓曰：正中死处
[Mon Sep 22 17:37:44 2025] [FATAL] 宫人迎苌刺鬼，误中苌阴
[Mon Sep 22 17:37:44 2025] [ERROR] 拔矛，出血石余
[Mon Sep 22 17:37:44 2025] [WARN] 寐而惊悸，遂患阴肿
[Mon Sep 22 17:37:44 2025] [ERROR] 医刺之，出血如梦
[Mon Sep 22 18:35:47 2025] [DEBUG] 梦苻坚将天官使者，鬼兵数百突入营中
[Mon Sep 22 18:35:47 2025] [INFO] 苌俱，走入宫
[Mon Sep 22 18:35:47 2025] [FATAL] 宫人迎苌刺鬼，误中苌阴
[Mon Sep 22 18:35:47 2025] [INFO] 鬼相谓曰：正中死处
[Mon Sep 22 18:35:47 2025] [ERROR] 拔矛，出血石余
[Mon Sep 22 18:35:47 2025] [WARN] 寐而惊悸，遂患阴肿
[Mon Sep 22 18:35:47 2025] [ERROR] 医刺之，出血如梦
[Mon Sep 22 18:36:41 2025] [DEBUG] 梦苻坚将天官使者，鬼兵数百突入营中
[Mon Sep 22 18:36:41 2025] [INFO] 苌俱，走入宫
[Mon Sep 22 18:36:41 2025] [FATAL] 宫人迎苌刺鬼，误中苌阴
[Mon Sep 22 18:36:41 2025] [ERROR] 拔矛，出血石余
[Mon Sep 22 18:36:41 2025] [INFO] 鬼相谓曰：正中死处
[Mon Sep 22 18:36:41 2025] [WARN] 寐而惊悸，遂患阴肿
[Mon Sep 22 18:36:41 2025] [ERROR] 医刺之，出血如梦
[Mon Sep 22 18:37:37 2025] [DEBUG] 梦苻坚将天官使者，鬼兵数百突入营中
[Mon Sep 22 18:37:37 2025] [INFO] 苌俱，走入宫
[Mon Sep 22 18:37:37 2025] [FATAL] 宫人迎苌刺鬼，误中苌阴
[Mon Sep 22 18:37:37 2025] [INFO] 鬼相谓曰：正中死处
[Mon Sep 22 18:37:37 2025] [ERROR] 拔矛，出血石余
[Mon Sep 22 18:37:37 2025] [WARN] 寐而惊悸，遂患阴肿
[Mon Sep 22 18:37:37 2025] [ERROR] 医刺之，出血如梦
[Mon Sep 22 18:37:52 2025] [DEBUG] 梦苻坚将天官使者，鬼兵数百突入营中
[Mon Sep 22 18:37:52 2025] [FATAL] 宫人迎苌刺鬼，误中苌阴
[Mon Sep 22 18:37:52 2025] [INFO] 苌俱，走入宫
[Mon Sep 22 18:37:52 2025] [INFO] 鬼相谓曰：正中死处
[Mon Sep 22 18:37:52 2025] [ERROR] 拔矛，出血石余
[Mon Sep 22 18:37:52 2025] [WARN] 寐而惊悸，遂患阴肿
[Mon Sep 22 18:37:52 2025] [ERROR] 医刺之，出血如梦
[Mon Sep 22 18:38:05 2025] [DEBUG] 梦苻坚将天官使者，鬼兵数百突入营中
[Mon Sep 22 18:38:05 2025] [INFO] 苌俱，走入宫
[Mon Sep 22 18:38:05 2025] [FATAL] 宫人迎苌刺鬼，误中苌阴
[Mon Sep 22 18:38:05 2025] [INFO] 鬼相谓曰：正中死处
[Mon Sep 22 18:38:05 2025] [ERROR] 拔矛，出血石余
[Mon Sep 22 18:38:05 2025] [WARN] 寐而惊悸，遂患阴肿
[Mon Sep 22 18:38:05 2025] [ERROR] 医刺之，出血如梦
[Mon Sep 22 18:42:35 2025] [DEBUG] 梦苻坚将天官使者，鬼兵数百突入营中
[Mon Sep 22 18:42:35 2025] [INFO] 苌俱，走入宫
[Mon Sep 22 18:42:35 2025] [FATAL] 宫人迎苌刺鬼，误中苌阴
[Mon Sep 22 18:42:35 2025] [INFO] 鬼相谓曰：正中死处
[Mon Sep 22 18:42:35 2025] [ERROR] 拔矛，出血石余
[Mon Sep 22 18:42:35 2025] [WARN] 寐而惊悸，遂患阴肿
[Mon Sep 22 18:42:35 2025] [ERROR] 医刺之，出血如梦
[Mon Sep 22 18:44:09 2025] [DEBUG] 梦苻坚将天官使者，鬼兵数百突入营中
[Mon Sep 22 18:44:09 2025] [INFO] 苌俱，走入宫
[Mon Sep 22 18:44:09 2025] [FATAL] 宫人迎苌刺鬼，误中苌阴
[Mon Sep 22 18:44:09 2025] [INFO] 鬼相谓曰：正中死处
[Mon Sep 22 18:44:09 2025] [ERROR] 拔矛，出血石余
[Mon Sep 22 18:44:09 2025] [WARN] 寐而惊悸，遂患阴肿
[Mon Sep 22 18:44:09 2025] [ERROR] 医刺之，出血如梦
[Mon Sep 22 18:44:46 2025] [DEBUG] 梦苻坚将天官使者，鬼兵数百突入营中
[Mon Sep 22 18:44:46 2025] [INFO] 苌俱，走入宫
[Mon Sep 22 18:44:46 2025] [FATAL] 宫人迎苌刺鬼，误中苌阴
[Mon Sep 22 18:44:46 2025] [INFO] 鬼相谓曰：正中死处
[Mon Sep 22 18:44:46 2025] [ERROR] 拔矛，出血石余
[Mon Sep 22 18:44:46 2025] [WARN] 寐而惊悸，遂患阴肿
[Mon Sep 22 18:44:46 2025] [ERROR] 医刺之，出血如梦
[Mon Sep 22 18:44:59 2025] [DEBUG] 梦苻坚将天官使者，鬼兵数百突入营中
[Mon Sep 22 18:44:59 2025] [INFO] 苌俱，走入宫
[Mon Sep 22 18:44:59 2025] [FATAL] 宫人迎苌刺鬼，误中苌阴
[Mon Sep 22 18:44:59 2025] [INFO] 鬼相谓曰：正中死处
[Mon Sep 22 18:44:59 2025] [ERROR] 拔矛，出血石余
[Mon Sep 22 18:44:59 2025] [WARN] 寐而惊悸，遂患阴肿
[Mon Sep 22 18:44:59 2025] [ERROR] 医刺之，出血如梦
[Mon Sep 22 18:46:49 2025] [DEBUG] 梦苻坚将天官使者，鬼兵数百突入营中
[Mon Sep 22 18:46:49 2025] [INFO] 苌俱，走入宫
[Mon Sep 22 18:46:49 2025] [FATAL] 宫人迎苌刺鬼，误中苌阴
[Mon Sep 22 18:46:49 2025] [INFO] 鬼相谓曰：正中死处
[Mon Sep 22 18:46:49 2025] [ERROR] 拔矛，出血石余
[Mon Sep 22 18:46:49 2025] [WARN] 寐而惊悸，遂患阴肿
[Mon Sep 22 18:46:49 2025] [ERROR] 医刺之，出血如梦
[Mon Sep 22 18:47:56 2025] [DEBUG] 梦苻坚将天官使者，鬼兵数百突入营中
[Mon Sep 22 18:47:56 2025] [INFO] 苌俱，走入宫
[Mon Sep 22 18:47:56 2025] [FATAL] 宫人迎苌刺鬼，误中苌阴
[Mon Sep 22 18:47:56 2025] [INFO] 鬼相谓曰：正中死处
[Mon Sep 22 18:47:56 2025] [ERROR] 拔矛，出血石余
[Mon Sep 22 18:47:56 2025] [WARN] 寐而惊悸，遂患阴肿
[Mon Sep 22 18:47:56 2025] [ERROR] 医刺之，出血如梦
[Mon Sep 22 18:49:06 2025] [DEBUG] 梦苻坚将天官使者，鬼兵数百突入营中
[Mon Sep 22 18:49:06 2025] [FATAL] 宫人迎苌刺鬼，误中苌阴
[Mon Sep 22 18:49:06 2025] [ERROR] 拔矛，出血石余
[Mon Sep 22 18:49:06 2025] [WARN] 寐而惊悸，遂患阴肿
[Mon Sep 22 18:49:06 2025] [INFO] 苌俱，走入宫
[Mon Sep 22 18:49:06 2025] [INFO] 鬼相谓曰：正中死处
[Mon Sep 22 18:49:06 2025] [ERROR] 医刺之，出血如梦
[Mon Sep 22 18:49:33 2025] [DEBUG] 梦苻坚将天官使者，鬼兵数百突入营中
[Mon Sep 22 18:49:33 2025] [INFO] 苌俱，走入宫
[Mon Sep 22 18:49:33 2025] [FATAL] 宫人迎苌刺鬼，误中苌阴
[Mon Sep 22 18:49:33 2025] [INFO] 鬼相谓曰：正中死处
[Mon Sep 22 18:49:33 2025] [ERROR] 拔矛，出血石余
[Mon Sep 22 18:49:33 2025] [WARN] 寐而惊悸，遂患阴肿
[Mon Sep 22 18:49:33 2025] [ERROR] 医刺之，出血如梦
[Mon Sep 22 18:49:44 2025] [DEBUG] 梦苻坚将天官使者，鬼兵数百突入营中
[Mon Sep 22 18:49:44 2025] [INFO] 苌俱，走入宫
[Mon Sep 22 18:49:44 2025] [FATAL] 宫人迎苌刺鬼，误中苌阴
[Mon Sep 22 18:49:44 2025] [INFO] 鬼相谓曰：正中死处
[Mon Sep 22 18:49:44 2025] [ERROR] 拔矛，出血石余
[Mon Sep 22 18:49:44 2025] [WARN] 寐而惊悸，遂患阴肿
[Mon Sep 22 18:49:44 2025] [ERROR] 医刺之，出血如梦
[Mon Sep 22 18:49:57 2025] [DEBUG] 梦苻坚将天官使者，鬼兵数百突入营中
[Mon Sep 22 18:49:57 2025] [FATAL] 宫人迎苌刺鬼，误中苌阴
[Mon Sep 22 18:49:57 2025] [INFO] 苌俱，走入宫
[Mon Sep 22 18:49:57 2025] [INFO] 鬼相谓曰：正中死处
[Mon Sep 22 18:49:57 2025] [ERROR] 拔矛，出血石余
[Mon Sep 22 18:49:57 2025] [WARN] 寐而惊悸，遂患阴肿
[Mon Sep 22 18:49:57 2025] [ERROR] 医刺之，出血如梦
[Mon Sep 22 18:50:19 2025] [DEBUG] 梦苻坚将天官使者，鬼兵数百突入营中
[Mon Sep 22 18:50:19 2025] [INFO] 苌俱，走入宫
[Mon Sep 22 18:50:19 2025] [FATAL] 宫人迎苌刺鬼，误中苌阴
[Mon Sep 22 18:50:19 2025] [INFO] 鬼相谓曰：正中死处
[Mon Sep 22 18:50:19 2025] [ERROR] 拔矛，出血石余
[Mon Sep 22 18:50:19 2025] [WARN] 寐而惊悸，遂患阴肿
[Mon Sep 22 18:50:19 2025] [ERROR] 医刺之，出血如梦
[Mon Sep 22 18:50:33 2025] [DEBUG] 梦苻坚将天官使者，鬼兵数百突入营中
[Mon Sep 22 18:50:33 2025] [INFO] 苌俱，走入宫
[Mon Sep 22 18:50:33 2025] [FATAL] 宫人迎苌刺鬼，误中苌阴
[Mon Sep 22 18:50:33 2025] [INFO] 鬼相谓曰：正中死处
[Mon Sep 22 18:50:33 2025] [ERROR] 拔矛，出血石余
[Mon Sep 22 18:50:33 2025] [WARN] 寐而惊悸，遂患阴肿
[Mon Sep 22 18:50:33 2025] [ERROR] 医刺之，出血如梦
[Mon Sep 22 18:50:45 2025] [DEBUG] 梦苻坚将天官使者，鬼兵数百突入营中
[Mon Sep 22 18:50:45 2025] [INFO] 苌俱，走入宫
[Mon Sep 22 18:50:45 2025] [FATAL] 宫人迎苌刺鬼，误中苌阴
[Mon Sep 22 18:50:45 2025] [INFO] 鬼相谓曰：正中死处
[Mon Sep 22 18:50:45 2025] [ERROR] 医刺之，出血如梦
[Mon Sep 22 18:50:45 2025] [ERROR] 拔矛，出血石余
[Mon Sep 22 18:50:45 2025] [WARN] 寐而惊悸，遂患阴肿
[Mon Sep 22 18:53:01 2025] [DEBUG] 梦苻坚将天官使者，鬼兵数百突入营中
[Mon Sep 22 18:53:01 2025] [INFO] 苌俱，走入宫
[Mon Sep 22 18:53:01 2025] [FATAL] 宫人迎苌刺鬼，误中苌阴
[Mon Sep 22 18:53:01 2025] [INFO] 鬼相谓曰：正中死处
[Mon Sep 22 18:53:01 2025] [ERROR] 拔矛，出血石余
[Mon Sep 22 18:53:01 2025] [WARN] 寐而惊悸，遂患阴肿
[Mon Sep 22 18:53:01 2025] [ERROR] 医刺之，出血如梦
[Mon Sep 22 18:55:58 2025] [DEBUG] 梦苻坚将天官使者，鬼兵数百突入营中
[Mon Sep 22 18:55:58 2025] [INFO] 苌俱，走入宫
[Mon Sep 22 18:55:58 2025] [FATAL] 宫人迎苌刺鬼，误中苌阴
[Mon Sep 22 18:55:58 2025] [INFO] 鬼相谓曰：正中死处
[Mon Sep 22 18:55:58 2025] [ERROR] 拔矛，出血石余
[Mon Sep 22 18:55:58 2025] [WARN] 寐而惊悸，遂患阴肿
[Mon Sep 22 18:55:58 2025] [ERROR] 医刺之，出血如梦
[Mon Sep 22 18:56:58 2025] [DEBUG] 梦苻坚将天官使者，鬼兵数百突入营中
[Mon Sep 22 18:56:58 2025] [INFO] 苌俱，走入宫
[Mon Sep 22 18:56:58 2025] [FATAL] 宫人迎苌刺鬼，误中苌阴
[Mon Sep 22 18:56:58 2025] [INFO] 鬼相谓曰：正中死处
[Mon Sep 22 18:56:58 2025] [ERROR] 拔矛，出血石余
[Mon Sep 22 18:56:58 2025] [WARN] 寐而惊悸，遂患阴肿
[Mon Sep 22 18:56:58 2025] [ERROR] 医刺之，出血如梦
[Mon Sep 22 19:00:27 2025] [DEBUG] 梦苻坚将天官使者，鬼兵数百突入营中
[Mon Sep 22 19:00:27 2025] [INFO] 苌俱，走入宫
[Mon Sep 22 19:00:27 2025] [FATAL] 宫人迎苌刺鬼，误中苌阴
[Mon Sep 22 19:00:27 2025] [INFO] 鬼相谓曰：正中死处
[Mon Sep 22 19:00:27 2025] [ERROR] 拔矛，出血石余
[Mon Sep 22 19:00:27 2025] [WARN] 寐而惊悸，遂患阴肿
[Mon Sep 22 19:00:27 2025] [ERROR] 医刺之，出血如梦
[Mon Sep 22 19:01:26 2025] [DEBUG] 梦苻坚将天官使者，鬼兵数百突入营中
[Mon Sep 22 19:01:26 2025] [INFO] 苌俱，走入宫
[Mon Sep 22 19:01:26 2025] [FATAL] 宫人迎苌刺鬼，误中苌阴
[Mon Sep 22 19:01:26 2025] [INFO] 鬼相谓曰：正中死处
[Mon Sep 22 19:01:26 2025] [ERROR] 拔矛，出血石余
[Mon Sep 22 19:01:26 2025] [WARN] 寐而惊悸，遂患阴肿
[Mon Sep 22 19:01:26 2025] [ERROR] 医刺之，出血如梦
[Mon Sep 22 19:01:42 2025] [DEBUG] 梦苻坚将天官使者，鬼兵数百突入营中
[Mon Sep 22 19:01:42 2025] [FATAL] 宫人迎苌刺鬼，误中苌阴
[Mon Sep 22 19:01:42 2025] [INFO] 苌俱，走入宫
[Mon Sep 22 19:01:42 2025] [INFO] 鬼相谓曰：正中死处
[Mon Sep 22 19:01:42 2025] [ERROR] 拔矛，出血石余
[Mon Sep 22 19:01:42 2025] [WARN] 寐而惊悸，遂患阴肿
[Mon Sep 22 19:01:42 2025] [ERROR] 医刺之，出血如梦
[Mon Sep 22 19:04:33 2025] [INFO] 苌俱，走入宫
[Mon Sep 22 19:04:33 2025] [DEBUG] 梦苻坚将天官使者，鬼兵数百突入营中
[Mon Sep 22 19:04:33 2025] [FATAL] 宫人迎苌刺鬼，误中苌阴
[Mon Sep 22 19:04:33 2025] [INFO] 鬼相谓曰：正中死处
[Mon Sep 22 19:04:33 2025] [ERROR] 拔矛，出血石余
[Mon Sep 22 19:04:33 2025] [WARN] 寐而惊悸，遂患阴肿
[Mon Sep 22 19:04:33 2025] [ERROR] 医刺之，出血如梦
[Mon Sep 22 19:04:48 2025] [DEBUG] 梦苻坚将天官使者，鬼兵数百突入营中
[Mon Sep 22 19:04:48 2025] [INFO] 苌俱，走入宫
[Mon Sep 22 19:04:48 2025] [FATAL] 宫人迎苌刺鬼，误中苌阴
[Mon Sep 22 19:04:48 2025] [INFO] 鬼相谓曰：正中死处
[Mon Sep 22 19:04:48 2025] [ERROR] 拔矛，出血石余
[Mon Sep 22 19:04:48 2025] [WARN] 寐而惊悸，遂患阴肿
[Mon Sep 22 19:04:48 2025] [ERROR] 医刺之，出血如梦
[Mon Sep 22 19:05:01 2025] [DEBUG] 梦苻坚将天官使者，鬼兵数百突入营中
[Mon Sep 22 19:05:01 2025] [INFO] 苌俱，走入宫
[Mon Sep 22 19:05:01 2025] [FATAL] 宫人迎苌刺鬼，误中苌阴
[Mon Sep 22 19:05:01 2025] [INFO] 鬼相谓曰：正中死处
[Mon Sep 22 19:05:01 2025] [ERROR] 拔矛，出血石余
[Mon Sep 22 19:05:01 2025] [WARN] 寐而惊悸，遂患阴肿
[Mon Sep 22 19:05:01 2025] [ERROR] 医刺之，出血如梦
[Mon Sep 22 19:05:16 2025] [DEBUG] 梦苻坚将天官使者，鬼兵数百突入营中
[Mon Sep 22 19:05:16 2025] [INFO] 苌俱，走入宫
[Mon Sep 22 19:05:16 2025] [FATAL] 宫人迎苌刺鬼，误中苌阴
[Mon Sep 22 19:05:16 2025] [INFO] 鬼相谓曰：正中死处
[Mon Sep 22 19:05:16 2025] [ERROR] 拔矛，出血石余
[Mon Sep 22 19:05:16 2025] [WARN] 寐而惊悸，遂患阴肿
[Mon Sep 22 19:05:16 2025] [ERROR] 医刺之，出血如梦
[Mon Sep 22 19:05:30 2025] [DEBUG] 梦苻坚将天官使者，鬼兵数百突入营中
[Mon Sep 22 19:05:30 2025] [INFO] 苌俱，走入宫
[Mon Sep 22 19:05:30 2025] [FATAL] 宫人迎苌刺鬼，误中苌阴
[Mon Sep 22 19:05:30 2025] [INFO] 鬼相谓曰：正中死处
[Mon Sep 22 19:05:30 2025] [ERROR] 拔矛，出血石余
[Mon Sep 22 19:05:30 2025] [WARN] 寐而惊悸，遂患阴肿
[Mon Sep 22 19:05:30 2025] [ERROR] 医刺之，出血如梦
[Mon Sep 22 19:06:48 2025] [DEBUG] 梦苻坚将天官使者，鬼兵数百突入营中
[Mon Sep 22 19:06:48 2025] [INFO] 苌俱，走入宫
[Mon Sep 22 19:06:48 2025] [FATAL] 宫人迎苌刺鬼，误中苌阴
[Mon Sep 22 19:06:48 2025] [INFO] 鬼相谓曰：正中死处
[Mon Sep 22 19:06:48 2025] [ERROR] 拔矛，出血石余
[Mon Sep 22 19:06:48 2025] [WARN] 寐而惊悸，遂患阴肿
[Mon Sep 22 19:06:48 2025] [ERROR] 医刺之，出血如梦
[Mon Sep 22 19:07:06 2025] [DEBUG] 梦苻坚将天官使者，鬼兵数百突入营中
[Mon Sep 22 19:07:06 2025] [INFO] 苌俱，走入宫
[Mon Sep 22 19:07:06 2025] [FATAL] 宫人迎苌刺鬼，误中苌阴
[Mon Sep 22 19:07:06 2025] [INFO] 鬼相谓曰：正中死处
[Mon Sep 22 19:07:06 2025] [ERROR] 拔矛，出血石余
[Mon Sep 22 19:07:06 2025] [WARN] 寐而惊悸，遂患阴肿
[Mon Sep 22 19:07:06 2025] [ERROR] 医刺之，出血如梦
[Mon Sep 22 19:07:32 2025] [DEBUG] 梦苻坚将天官使者，鬼兵数百突入营中
[Mon Sep 22 19:07:32 2025] [INFO] 苌俱，走入宫
[Mon Sep 22 19:07:32 2025] [FATAL] 宫人迎苌刺鬼，误中苌阴
[Mon Sep 22 19:07:32 2025] [INFO] 鬼相谓曰：正中死处
[Mon Sep 22 19:07:32 2025] [ERROR] 拔矛，出血石余
[Mon Sep 22 19:07:32 2025] [WARN] 寐而惊悸，遂患阴肿
[Mon Sep 22 19:07:32 2025] [ERROR] 医刺之，出血如梦
[Mon Sep 22 19:07:49 2025] [DEBUG] 梦苻坚将天官使者，鬼兵数百突入营中
[Mon Sep 22 19:07:49 2025] [INFO] 苌俱，走入宫
[Mon Sep 22 19:07:49 2025] [FATAL] 宫人迎苌刺鬼，误中苌阴
[Mon Sep 22 19:07:49 2025] [INFO] 鬼相谓曰：正中死处
[Mon Sep 22 19:07:49 2025] [ERROR] 拔矛，出血石余
[Mon Sep 22 19:07:49 2025] [WARN] 寐而惊悸，遂患阴肿
[Mon Sep 22 19:07:49 2025] [ERROR] 医刺之，出血如梦
[Mon Sep 22 19:08:04 2025] [FATAL] 宫人迎苌刺鬼，误中苌阴
[Mon Sep 22 19:08:04 2025] [DEBUG] 梦苻坚将天官使者，鬼兵数百突入营中
[Mon Sep 22 19:08:04 2025] [INFO] 苌俱，走入宫
[Mon Sep 22 19:08:04 2025] [INFO] 鬼相谓曰：正中死处
[Mon Sep 22 19:08:04 2025] [ERROR] 拔矛，出血石余
[Mon Sep 22 19:08:04 2025] [ERROR] 医刺之，出血如梦
[Mon Sep 22 19:08:04 2025] [WARN] 寐而惊悸，遂患阴肿
[Mon Sep 22 19:09:01 2025] [DEBUG] 梦苻坚将天官使者，鬼兵数百突入营中
[Mon Sep 22 19:09:01 2025] [INFO] 苌俱，走入宫
[Mon Sep 22 19:09:01 2025] [FATAL] 宫人迎苌刺鬼，误中苌阴
[Mon Sep 22 19:09:01 2025] [INFO] 鬼相谓曰：正中死处
[Mon Sep 22 19:09:01 2025] [ERROR] 拔矛，出血石余
[Mon Sep 22 19:09:01 2025] [WARN] 寐而惊悸，遂患阴肿
[Mon Sep 22 19:09:01 2025] [ERROR] 医刺之，出血如梦
[Mon Sep 22 19:09:52 2025] [DEBUG] 梦苻坚将天官使者，鬼兵数百突入营中
[Mon Sep 22 19:09:52 2025] [INFO] 苌俱，走入宫
[Mon Sep 22 19:09:52 2025] [FATAL] 宫人迎苌刺鬼，误中苌阴
[Mon Sep 22 19:09:52 2025] [INFO] 鬼相谓曰：正中死处
[Mon Sep 22 19:09:52 2025] [ERROR] 拔矛，出血石余
[Mon Sep 22 19:09:52 2025] [WARN] 寐而惊悸，遂患阴肿
[Mon Sep 22 19:09:52 2025] [ERROR] 医刺之，出血如梦
[Mon Sep 22 19:18:39 2025] [DEBUG] 梦苻坚将天官使者，鬼兵数百突入营中
[Mon Sep 22 19:18:39 2025] [INFO] 苌俱，走入宫
[Mon Sep 22 19:18:39 2025] [FATAL] 宫人迎苌刺鬼，误中苌阴
[Mon Sep 22 19:18:39 2025] [INFO] 鬼相谓曰：正中死处
[Mon Sep 22 19:18:39 2025] [ERROR] 拔矛，出血石余
[Mon Sep 22 19:18:39 2025] [WARN] 寐而惊悸，遂患阴肿
[Mon Sep 22 19:18:39 2025] [ERROR] 医刺之，出血如梦
[Mon Sep 22 19:19:44 2025] [DEBUG] 梦苻坚将天官使者，鬼兵数百突入营中
[Mon Sep 22 19:19:44 2025] [INFO] 苌俱，走入宫
[Mon Sep 22 19:19:44 2025] [FATAL] 宫人迎苌刺鬼，误中苌阴
[Mon Sep 22 19:19:44 2025] [INFO] 鬼相谓曰：正中死处
[Mon Sep 22 19:19:44 2025] [ERROR] 拔矛，出血石余
[Mon Sep 22 19:19:44 2025] [WARN] 寐而惊悸，遂患阴肿
[Mon Sep 22 19:19:44 2025] [ERROR] 医刺之，出血如梦
[Mon Sep 22 19:20:30 2025] [INFO] 苌俱，走入宫
[Mon Sep 22 19:20:30 2025] [DEBUG] 梦苻坚将天官使者，鬼兵数百突入营中
[Mon Sep 22 19:20:30 2025] [FATAL] 宫人迎苌刺鬼，误中苌阴
[Mon Sep 22 19:20:30 2025] [INFO] 鬼相谓曰：正中死处
[Mon Sep 22 19:20:30 2025] [ERROR] 拔矛，出血石余
[Mon Sep 22 19:20:30 2025] [ERROR] 医刺之，出血如梦
[Mon Sep 22 19:20:30 2025] [WARN] 寐而惊悸，遂患阴肿
[Mon Sep 22 19:20:44 2025] [DEBUG] 梦苻坚将天官使者，鬼兵数百突入营中
[Mon Sep 22 19:20:44 2025] [INFO] 苌俱，走入宫
[Mon Sep 22 19:20:44 2025] [FATAL] 宫人迎苌刺鬼，误中苌阴
[Mon Sep 22 19:20:44 2025] [INFO] 鬼相谓曰：正中死处
[Mon Sep 22 19:20:44 2025] [ERROR] 拔矛，出血石余
[Mon Sep 22 19:20:44 2025] [WARN] 寐而惊悸，遂患阴肿
[Mon Sep 22 19:20:44 2025] [ERROR] 医刺之，出血如梦
[Mon Sep 22 19:21:12 2025] [DEBUG] 梦苻坚将天官使者，鬼兵数百突入营中
[Mon Sep 22 19:21:12 2025] [INFO] 苌俱，走入宫
[Mon Sep 22 19:21:12 2025] [FATAL] 宫人迎苌刺鬼，误中苌阴
[Mon Sep 22 19:21:12 2025] [ERROR] 拔矛，出血石余
[Mon Sep 22 19:21:12 2025] [INFO] 鬼相谓曰：正中死处
[Mon Sep 22 19:21:12 2025] [WARN] 寐而惊悸，遂患阴肿
[Mon Sep 22 19:21:12 2025] [ERROR] 医刺之，出血如梦
[Mon Sep 22 19:21:25 2025] [DEBUG] 梦苻坚将天官使者，鬼兵数百突入营中
[Mon Sep 22 19:21:25 2025] [INFO] 苌俱，走入宫
[Mon Sep 22 19:21:25 2025] [FATAL] 宫人迎苌刺鬼，误中苌阴
[Mon Sep 22 19:21:25 2025] [INFO] 鬼相谓曰：正中死处
[Mon Sep 22 19:21:25 2025] [ERROR] 拔矛，出血石余
[Mon Sep 22 19:21:25 2025] [WARN] 寐而惊悸，遂患阴肿
[Mon Sep 22 19:21:25 2025] [ERROR] 医刺之，出血如梦
[Mon Sep 22 19:21:37 2025] [DEBUG] 梦苻坚将天官使者，鬼兵数百突入营中
[Mon Sep 22 19:21:37 2025] [INFO] 苌俱，走入宫
[Mon Sep 22 19:21:37 2025] [FATAL] 宫人迎苌刺鬼，误中苌阴
[Mon Sep 22 19:21:37 2025] [INFO] 鬼相谓曰：正中死处
[Mon Sep 22 19:21:37 2025] [ERROR] 拔矛，出血石余
[Mon Sep 22 19:21:37 2025] [WARN] 寐而惊悸，遂患阴肿
[Mon Sep 22 19:21:37 2025] [ERROR] 医刺之，出血如梦
[Mon Sep 22 19:21:49 2025] [DEBUG] 梦苻坚将天官使者，鬼兵数百突入营中
[Mon Sep 22 19:21:49 2025] [INFO] 苌俱，走入宫
[Mon Sep 22 19:21:49 2025] [FATAL] 宫人迎苌刺鬼，误中苌阴
[Mon Sep 22 19:21:49 2025] [INFO] 鬼相谓曰：正中死处
[Mon Sep 22 19:21:49 2025] [ERROR] 拔矛，出血石余
[Mon Sep 22 19:21:49 2025] [WARN] 寐而惊悸，遂患阴肿
[Mon Sep 22 19:21:49 2025] [ERROR] 医刺之，出血如梦
[Mon Sep 22 19:22:02 2025] [DEBUG] 梦苻坚将天官使者，鬼兵数百突入营中
[Mon Sep 22 19:22:02 2025] [FATAL] 宫人迎苌刺鬼，误中苌阴
[Mon Sep 22 19:22:02 2025] [INFO] 苌俱，走入宫
[Mon Sep 22 19:22:02 2025] [INFO] 鬼相谓曰：正中死处
[Mon Sep 22 19:22:02 2025] [ERROR] 拔矛，出血石余
[Mon Sep 22 19:22:02 2025] [WARN] 寐而惊悸，遂患阴肿
[Mon Sep 22 19:22:02 2025] [ERROR] 医刺之，出血如梦
[Mon Sep 22 19:22:14 2025] [DEBUG] 梦苻坚将天官使者，鬼兵数百突入营中
[Mon Sep 22 19:22:14 2025] [INFO] 苌俱，走入宫
[Mon Sep 22 19:22:14 2025] [FATAL] 宫人迎苌刺鬼，误中苌阴
[Mon Sep 22 19:22:14 2025] [INFO] 鬼相谓曰：正中死处
[Mon Sep 22 19:22:14 2025] [ERROR] 拔矛，出血石余
[Mon Sep 22 19:22:14 2025] [WARN] 寐而惊悸，遂患阴肿
[Mon Sep 22 19:22:14 2025] [ERROR] 医刺之，出血如梦
[Mon Sep 22 19:22:24 2025] [DEBUG] 梦苻坚将天官使者，鬼兵数百突入营中
[Mon Sep 22 19:22:24 2025] [INFO] 苌俱，走入宫
[Mon Sep 22 19:22:24 2025] [FATAL] 宫人迎苌刺鬼，误中苌阴
[Mon Sep 22 19:22:24 2025] [INFO] 鬼相谓曰：正中死处
[Mon Sep 22 19:22:24 2025] [ERROR] 拔矛，出血石余
[Mon Sep 22 19:22:24 2025] [WARN] 寐而惊悸，遂患阴肿
[Mon Sep 22 19:22:24 2025] [ERROR] 医刺之，出血如梦
[Mon Sep 22 19:22:38 2025] [DEBUG] 梦苻坚将天官使者，鬼兵数百突入营中
[Mon Sep 22 19:22:38 2025] [INFO] 苌俱，走入宫
[Mon Sep 22 19:22:38 2025] [FATAL] 宫人迎苌刺鬼，误中苌阴
[Mon Sep 22 19:22:38 2025] [INFO] 鬼相谓曰：正中死处
[Mon Sep 22 19:22:38 2025] [ERROR] 拔矛，出血石余
[Mon Sep 22 19:22:38 2025] [WARN] 寐而惊悸，遂患阴肿
[Mon Sep 22 19:22:38 2025] [ERROR] 医刺之，出血如梦
[Mon Sep 22 19:22:48 2025] [DEBUG] 梦苻坚将天官使者，鬼兵数百突入营中
[Mon Sep 22 19:22:48 2025] [INFO] 苌俱，走入宫
[Mon Sep 22 19:22:48 2025] [FATAL] 宫人迎苌刺鬼，误中苌阴
[Mon Sep 22 19:22:48 2025] [INFO] 鬼相谓曰：正中死处
[Mon Sep 22 19:22:48 2025] [ERROR] 拔矛，出血石余
[Mon Sep 22 19:22:48 2025] [WARN] 寐而惊悸，遂患阴肿
[Mon Sep 22 19:22:48 2025] [ERROR] 医刺之，出血如梦
[Mon Sep 22 19:23:00 2025] [DEBUG] 梦苻坚将天官使者，鬼兵数百突入营中
[Mon Sep 22 19:23:00 2025] [INFO] 苌俱，走入宫
[Mon Sep 22 19:23:00 2025] [FATAL] 宫人迎苌刺鬼，误中苌阴
[Mon Sep 22 19:23:00 2025] [INFO] 鬼相谓曰：正中死处
[Mon Sep 22 19:23:00 2025] [ERROR] 拔矛，出血石余
[Mon Sep 22 19:23:00 2025] [WARN] 寐而惊悸，遂患阴肿
[Mon Sep 22 19:23:00 2025] [ERROR] 医刺之，出血如梦
[Mon Sep 22 19:23:10 2025] [DEBUG] 梦苻坚将天官使者，鬼兵数百突入营中
[Mon Sep 22 19:23:10 2025] [INFO] 苌俱，走入宫
[Mon Sep 22 19:23:10 2025] [FATAL] 宫人迎苌刺鬼，误中苌阴
[Mon Sep 22 19:23:10 2025] [INFO] 鬼相谓曰：正中死处
[Mon Sep 22 19:23:10 2025] [ERROR] 拔矛，出血石余
[Mon Sep 22 19:23:10 2025] [WARN] 寐而惊悸，遂患阴肿
[Mon Sep 22 19:23:10 2025] [ERROR] 医刺之，出血如梦
[Mon Sep 22 19:23:46 2025] [DEBUG] 梦苻坚将天官使者，鬼兵数百突入营中
[Mon Sep 22 19:23:46 2025] [INFO] 苌俱，走入宫
[Mon Sep 22 19:23:46 2025] [FATAL] 宫人迎苌刺鬼，误中苌阴
[Mon Sep 22 19:23:46 2025] [INFO] 鬼相谓曰：正中死处
[Mon Sep 22 19:23:46 2025] [ERROR] 拔矛，出血石余
[Mon Sep 22 19:23:46 2025] [ERROR] 医刺之，出血如梦
[Mon Sep 22 19:23:46 2025] [WARN] 寐而惊悸，遂患阴肿
[Mon Sep 22 19:23:56 2025] [DEBUG] 梦苻坚将天官使者，鬼兵数百突入营中
[Mon Sep 22 19:23:56 2025] [INFO] 苌俱，走入宫
[Mon Sep 22 19:23:56 2025] [FATAL] 宫人迎苌刺鬼，误中苌阴
[Mon Sep 22 19:23:56 2025] [INFO] 鬼相谓曰：正中死处
[Mon Sep 22 19:23:56 2025] [ERROR] 拔矛，出血石余
[Mon Sep 22 19:23:56 2025] [WARN] 寐而惊悸，遂患阴肿
[Mon Sep 22 19:23:56 2025] [ERROR] 医刺之，出血如梦
[Mon Sep 22 19:24:40 2025] [DEBUG] 梦苻坚将天官使者，鬼兵数百突入营中
[Mon Sep 22 19:24:40 2025] [FATAL] 苌俱，走入宫
[Mon Sep 22 19:24:40 2025] [FATAL] 宫人迎苌刺鬼，误中苌阴
[Mon Sep 22 19:24:40 2025] [INFO] 鬼相谓曰：正中死处
[Mon Sep 22 19:24:40 2025] [ERROR] 拔矛，出血石余
[Mon Sep 22 19:24:40 2025] [WARN] 寐而惊悸，遂患阴肿
[Mon Sep 22 19:24:40 2025] [ERROR] 医刺之，出血如梦
[Mon Sep 22 19:24:40 2025] [DEBUG] 梦苻坚将天官使者，鬼兵数百突入营中
[Mon Sep 22 19:24:40 2025] [FATAL] 苌俱，走入宫
[Mon Sep 22 19:24:40 2025] [FATAL] 宫人迎苌刺鬼，误中苌阴
[Mon Sep 22 19:24:40 2025] [FATAL] 鬼相谓曰：正中死处
[Mon Sep 22 19:24:40 2025] [FATAL] 拔矛，出血石余
[Mon Sep 22 19:24:40 2025] [FATAL] 寐而惊悸，遂患阴肿
[Mon Sep 22 19:24:40 2025] [FATAL] 医刺之，出血如梦
[Mon Sep 22 19:26:32 2025] [DEBUG] 梦苻坚将天官使者，鬼兵数百突入营中
[Mon Sep 22 19:26:32 2025] [FATAL] 苌俱，走入宫
[Mon Sep 22 19:26:32 2025] [FATAL] 宫人迎苌刺鬼，误中苌阴
[Mon Sep 22 19:26:32 2025] [INFO] 鬼相谓曰：正中死处
[Mon Sep 22 19:26:32 2025] [ERROR] 拔矛，出血石余
[Mon Sep 22 19:26:32 2025] [WARN] 寐而惊悸，遂患阴肿
[Mon Sep 22 19:26:32 2025] [ERROR] 医刺之，出血如梦
[Mon Sep 22 19:26:32 2025] [DEBUG] 梦苻坚将天官使者，鬼兵数百突入营中
[Mon Sep 22 19:26:32 2025] [FATAL] 苌俱，走入宫
[Mon Sep 22 19:26:32 2025] [FATAL] 宫人迎苌刺鬼，误中苌阴
[Mon Sep 22 19:26:32 2025] [FATAL] 鬼相谓曰：正中死处
[Mon Sep 22 19:26:32 2025] [FATAL] 拔矛，出血石余
[Mon Sep 22 19:26:32 2025] [FATAL] 寐而惊悸，遂患阴肿
[Mon Sep 22 19:26:32 2025] [FATAL] 医刺之，出血如梦
[Mon Sep 22 19:26:49 2025] [DEBUG] 梦苻坚将天官使者，鬼兵数百突入营中
[Mon Sep 22 19:26:49 2025] [FATAL] 苌俱，走入宫
[Mon Sep 22 19:26:49 2025] [FATAL] 宫人迎苌刺鬼，误中苌阴
[Mon Sep 22 19:26:49 2025] [INFO] 鬼相谓曰：正中死处
[Mon Sep 22 19:26:49 2025] [ERROR] 拔矛，出血石余
[Mon Sep 22 19:26:49 2025] [WARN] 寐而惊悸，遂患阴肿
[Mon Sep 22 19:26:49 2025] [ERROR] 医刺之，出血如梦
[Mon Sep 22 19:26:49 2025] [FATAL] 苌俱，走入宫
[Mon Sep 22 19:26:49 2025] [FATAL] 宫人迎苌刺鬼，误中苌阴
[Mon Sep 22 19:26:49 2025] [DEBUG] 梦苻坚将天官使者，鬼兵数百突入营中
[Mon Sep 22 19:26:49 2025] [FATAL] 拔矛，出血石余
[Mon Sep 22 19:26:49 2025] [FATAL] 鬼相谓曰：正中死处
[Mon Sep 22 19:26:49 2025] [FATAL] 寐而惊悸，遂患阴肿
[Mon Sep 22 19:26:49 2025] [FATAL] 医刺之，出血如梦
[Mon Sep 22 19:27:03 2025] [DEBUG] 梦苻坚将天官使者，鬼兵数百突入营中
[Mon Sep 22 19:27:03 2025] [FATAL] 苌俱，走入宫
[Mon Sep 22 19:27:03 2025] [FATAL] 宫人迎苌刺鬼，误中苌阴
[Mon Sep 22 19:27:03 2025] [INFO] 鬼相谓曰：正中死处
[Mon Sep 22 19:27:03 2025] [ERROR] 拔矛，出血石余
[Mon Sep 22 19:27:03 2025] [WARN] 寐而惊悸，遂患阴肿
[Mon Sep 22 19:27:03 2025] [ERROR] 医刺之，出血如梦
[Mon Sep 22 19:27:03 2025] [DEBUG] 梦苻坚将天官使者，鬼兵数百突入营中
[Mon Sep 22 19:27:03 2025] [FATAL] 苌俱，走入宫
[Mon Sep 22 19:27:03 2025] [FATAL] 宫人迎苌刺鬼，误中苌阴
[Mon Sep 22 19:27:03 2025] [FATAL] 鬼相谓曰：正中死处
[Mon Sep 22 19:27:03 2025] [FATAL] 拔矛，出血石余
[Mon Sep 22 19:27:03 2025] [FATAL] 寐而惊悸，遂患阴肿
[Mon Sep 22 19:27:03 2025] [FATAL] 医刺之，出血如梦
